#
# There is insufficient memory for the Java Runtime Environment to continue.
# Native memory allocation (malloc) failed to allocate 2272176 bytes for Chunk::new
# Possible reasons:
#   The system is out of physical RAM or swap space
#   The process is running with CompressedOops enabled, and the Java Heap may be blocking the growth of the native heap
# Possible solutions:
#   Reduce memory load on the system
#   Increase physical memory or swap space
#   Check if swap backing store is full
#   Decrease Java heap size (-Xmx/-Xms)
#   Decrease number of Java threads
#   Decrease Java thread stack sizes (-Xss)
#   Set larger code cache with -XX:ReservedCodeCacheSize=
#   JVM is running with Unscaled Compressed Oops mode in which the Java heap is
#     placed in the first 4GB address space. The Java Heap base address is the
#     maximum limit for the native heap growth. Please use -XX:HeapBaseMinAddress
#     to set the Java Heap base and to place the Java Heap above 4GB virtual address.
# This output file may be truncated or incomplete.
#
#  Out of Memory Error (./src/hotspot/share/memory/arena.cpp:197), pid=41216, tid=29788
#
# JRE version: OpenJDK Runtime Environment (11.0.8+10) (build 11.0.8+10-b944.6842174)
# Java VM: OpenJDK 64-Bit Server VM (11.0.8+10-b944.6842174, mixed mode, tiered, compressed oops, g1 gc, windows-amd64)
# No core dump will be written. Minidumps are not enabled by default on client versions of Windows
#

---------------  S U M M A R Y ------------

Command Line: --add-opens=java.base/java.util=ALL-UNNAMED --add-opens=java.base/java.lang=ALL-UNNAMED --add-opens=java.base/java.lang.invoke=ALL-UNNAMED --add-opens=java.prefs/java.util.prefs=ALL-UNNAMED -Xms256m -Xmx1024m -Dfile.encoding=windows-1252 -Duser.country=IN -Duser.language=en -Duser.variant org.gradle.launcher.daemon.bootstrap.GradleDaemon 6.7.1

Host: 11th Gen Intel(R) Core(TM) i7-1165G7 @ 2.80GHz, 8 cores, 7G,  Windows 10 , 64 bit Build 19041 (10.0.19041.1023)
Time: Thu Aug 12 15:18:00 2021 India Standard Time elapsed time: 9 seconds (0d 0h 0m 9s)

---------------  T H R E A D  ---------------

Current thread (0x0000020034c9e800):  JavaThread "C2 CompilerThread0" daemon [_thread_in_native, id=29788, stack(0x000000fa15200000,0x000000fa15300000)]


Current CompileTask:
C2:   9398 5128       4       org.codehaus.groovy.runtime.metaclass.MetaMethodIndex::addMethodToList (298 bytes)

Stack: [0x000000fa15200000,0x000000fa15300000]
Native frames: (J=compiled Java code, j=interpreted, Vv=VM code, C=native code)
V  [jvm.dll+0x5de50a]
V  [jvm.dll+0x7122f5]
V  [jvm.dll+0x71384d]
V  [jvm.dll+0x713f03]
V  [jvm.dll+0x23e728]
V  [jvm.dll+0xb899c]
V  [jvm.dll+0xb8e9c]
V  [jvm.dll+0x35020b]
V  [jvm.dll+0x31dea3]
V  [jvm.dll+0x31d39a]
V  [jvm.dll+0x1f7702]
V  [jvm.dll+0x1f68d4]
V  [jvm.dll+0x17f32c]
V  [jvm.dll+0x205047]
V  [jvm.dll+0x203891]
V  [jvm.dll+0x6dad3f]
V  [jvm.dll+0x6d3895]
V  [jvm.dll+0x5dd4a6]
C  [ucrtbase.dll+0x21bb2]
C  [KERNEL32.DLL+0x17034]
C  [ntdll.dll+0x52651]


---------------  P R O C E S S  ---------------

Threads class SMR info:
_java_thread_list=0x0000020039a9c180, length=135, elements={
0x000002001c6eb800, 0x0000020034426000, 0x0000020034428000, 0x0000020034c59800,
0x0000020034c9c800, 0x0000020034c9e800, 0x0000020034ca3000, 0x0000020034ca7800,
0x0000020034e18800, 0x0000020034e21000, 0x0000020035fae800, 0x0000020036624000,
0x0000020035ae4000, 0x0000020035d01000, 0x000002003653b800, 0x000002003670b000,
0x0000020036b50000, 0x0000020035ff6800, 0x0000020036b30800, 0x0000020035ff4000,
0x0000020036cea000, 0x0000020036cea800, 0x0000020036ce9000, 0x0000020036ceb800,
0x0000020036cec800, 0x0000020036ce8800, 0x0000020036ced000, 0x0000020036cee000,
0x0000020036cef000, 0x000002003915a800, 0x000002003915d800, 0x000002003915c000,
0x000002003915b000, 0x000002003915e800, 0x000002003915c800, 0x0000020039158800,
0x000002003915f000, 0x0000020039159800, 0x0000020039163000, 0x0000020039160000,
0x0000020039165000, 0x0000020039161800, 0x0000020039164000, 0x0000020039165800,
0x0000020039161000, 0x0000020039166800, 0x0000020039167800, 0x0000020039162800,
0x0000020037420800, 0x0000020037421000, 0x000002003741c000, 0x000002003741e000,
0x0000020037422000, 0x0000020037422800, 0x000002003741d000, 0x0000020037424800,
0x0000020037423800, 0x000002003741f800, 0x000002003741e800, 0x0000020037427800,
0x0000020037425000, 0x000002003742a000, 0x0000020037426000, 0x0000020037427000,
0x0000020037429800, 0x0000020037428800, 0x000002003b24c800, 0x000002003b24e000,
0x000002003b253000, 0x000002003b24f800, 0x000002003b250800, 0x000002003b251000,
0x000002003b24e800, 0x000002003b252000, 0x000002003b24d000, 0x000002003b254800,
0x000002003b258800, 0x000002003b256000, 0x000002003b257000, 0x000002003b255000,
0x000002003b257800, 0x000002003b259800, 0x000002003b253800, 0x000002003b25a000,
0x000002003b25b000, 0x000002003b052000, 0x000002003b051800, 0x000002003b054800,
0x000002003b053800, 0x000002003b055800, 0x000002003b053000, 0x000002003b050800,
0x000002003b058800, 0x000002003b05a000, 0x000002003b056000, 0x000002003b059800,
0x000002003b05b000, 0x000002003b058000, 0x000002003b05c000, 0x000002003b05c800,
0x000002003b057000, 0x000002003b05d800, 0x000002003b05e800, 0x000002003b05f000,
0x000002003b1b8800, 0x000002003b1b3000, 0x000002003b1b4000, 0x000002003b1b6800,
0x000002003b1b7000, 0x000002003b1b8000, 0x000002003b1ba800, 0x000002003b1b9800,
0x000002003b1b4800, 0x000002003b1bb000, 0x000002003b1b5800, 0x000002003b1bc000,
0x000002003b1c0000, 0x000002003b1c1800, 0x000002003b1bd000, 0x000002003b1c1000,
0x000002003b1bd800, 0x000002003b1be800, 0x000002003b1bf800, 0x000002003b1cf000,
0x000002003b1cc000, 0x000002003b1d0000, 0x000002003b1cc800, 0x000002003b1d0800,
0x000002003b1cb000, 0x000002003b1d3000, 0x000002003b1d1800, 0x000002003b1ce800,
0x000002003b1d2800, 0x000002003b1cd800, 0x000002003b1d8000
}

Java Threads: ( => current thread )
  0x000002001c6eb800 JavaThread "main" [_thread_blocked, id=35012, stack(0x000000fa14700000,0x000000fa14800000)]
  0x0000020034426000 JavaThread "Reference Handler" daemon [_thread_blocked, id=9536, stack(0x000000fa14e00000,0x000000fa14f00000)]
  0x0000020034428000 JavaThread "Finalizer" daemon [_thread_blocked, id=47984, stack(0x000000fa14f00000,0x000000fa15000000)]
  0x0000020034c59800 JavaThread "Signal Dispatcher" daemon [_thread_blocked, id=45340, stack(0x000000fa15000000,0x000000fa15100000)]
  0x0000020034c9c800 JavaThread "Attach Listener" daemon [_thread_blocked, id=24652, stack(0x000000fa15100000,0x000000fa15200000)]
=>0x0000020034c9e800 JavaThread "C2 CompilerThread0" daemon [_thread_in_native, id=29788, stack(0x000000fa15200000,0x000000fa15300000)]
  0x0000020034ca3000 JavaThread "C1 CompilerThread0" daemon [_thread_blocked, id=44528, stack(0x000000fa15300000,0x000000fa15400000)]
  0x0000020034ca7800 JavaThread "Sweeper thread" daemon [_thread_blocked, id=30596, stack(0x000000fa15400000,0x000000fa15500000)]
  0x0000020034e18800 JavaThread "Common-Cleaner" daemon [_thread_blocked, id=47788, stack(0x000000fa15500000,0x000000fa15600000)]
  0x0000020034e21000 JavaThread "Service Thread" daemon [_thread_blocked, id=34140, stack(0x000000fa15600000,0x000000fa15700000)]
  0x0000020035fae800 JavaThread "Daemon health stats" [_thread_blocked, id=46804, stack(0x000000fa15d00000,0x000000fa15e00000)]
  0x0000020036624000 JavaThread "Incoming local TCP Connector on port 63637" [_thread_in_native, id=35236, stack(0x000000fa16000000,0x000000fa16100000)]
  0x0000020035ae4000 JavaThread "Daemon periodic checks" [_thread_blocked, id=39980, stack(0x000000fa16100000,0x000000fa16200000)]
  0x0000020035d01000 JavaThread "Daemon" [_thread_blocked, id=42812, stack(0x000000fa16200000,0x000000fa16300000)]
  0x000002003653b800 JavaThread "Handler for socket connection from /127.0.0.1:63637 to /127.0.0.1:63638" [_thread_in_native, id=33128, stack(0x000000fa16300000,0x000000fa16400000)]
  0x000002003670b000 JavaThread "Cancel handler" [_thread_blocked, id=46832, stack(0x000000fa16400000,0x000000fa16500000)]
  0x0000020036b50000 JavaThread "Daemon worker" [_thread_in_vm, id=40432, stack(0x000000fa16500000,0x000000fa16600000)]
  0x0000020035ff6800 JavaThread "Asynchronous log dispatcher for DefaultDaemonConnection: socket connection from /127.0.0.1:63637 to /127.0.0.1:63638" [_thread_blocked, id=43860, stack(0x000000fa16600000,0x000000fa16700000)]
  0x0000020036b30800 JavaThread "Stdin handler" [_thread_blocked, id=29656, stack(0x000000fa16700000,0x000000fa16800000)]
  0x0000020035ff4000 JavaThread "Thread-8" [_thread_blocked, id=44952, stack(0x000000fa16800000,0x000000fa16900000)]
  0x0000020036cea000 JavaThread "Cache worker for file hash cache (C:\Users\SHIVAM\.gradle\caches\6.7.1\fileHashes)" [_thread_blocked, id=33272, stack(0x000000fa16900000,0x000000fa16a00000)]
  0x0000020036cea800 JavaThread "File lock request listener" [_thread_in_native, id=45872, stack(0x000000fa16a00000,0x000000fa16b00000)]
  0x0000020036ce9000 JavaThread "Cache worker for journal cache (C:\Users\SHIVAM\.gradle\caches\journal-1)" [_thread_blocked, id=43620, stack(0x000000fa16e00000,0x000000fa16f00000)]
  0x0000020036ceb800 JavaThread "Cache worker for file hash cache (D:\SuperHeroes2\.gradle\6.7.1\fileHashes)" [_thread_blocked, id=42844, stack(0x000000fa16f00000,0x000000fa17000000)]
  0x0000020036cec800 JavaThread "jar transforms" [_thread_blocked, id=15088, stack(0x000000fa17000000,0x000000fa17100000)]
  0x0000020036ce8800 JavaThread "jar transforms Thread 2" [_thread_blocked, id=24508, stack(0x000000fa17100000,0x000000fa17200000)]
  0x0000020036ced000 JavaThread "jar transforms Thread 3" [_thread_blocked, id=24276, stack(0x000000fa17200000,0x000000fa17300000)]
  0x0000020036cee000 JavaThread "jar transforms Thread 4" [_thread_blocked, id=46480, stack(0x000000fa17300000,0x000000fa17400000)]
  0x0000020036cef000 JavaThread "jar transforms Thread 5" [_thread_blocked, id=45120, stack(0x000000fa17400000,0x000000fa17500000)]
  0x000002003915a800 JavaThread "jar transforms Thread 6" [_thread_blocked, id=46276, stack(0x000000fa17500000,0x000000fa17600000)]
  0x000002003915d800 JavaThread "jar transforms Thread 7" [_thread_blocked, id=19720, stack(0x000000fa17600000,0x000000fa17700000)]
  0x000002003915c000 JavaThread "jar transforms Thread 8" [_thread_blocked, id=39668, stack(0x000000fa17700000,0x000000fa17800000)]
  0x000002003915b000 JavaThread "jar transforms Thread 9" [_thread_blocked, id=40288, stack(0x000000fa17800000,0x000000fa17900000)]
  0x000002003915e800 JavaThread "jar transforms Thread 10" [_thread_blocked, id=46948, stack(0x000000fa17900000,0x000000fa17a00000)]
  0x000002003915c800 JavaThread "jar transforms Thread 11" [_thread_blocked, id=44468, stack(0x000000fa17a00000,0x000000fa17b00000)]
  0x0000020039158800 JavaThread "jar transforms Thread 12" [_thread_blocked, id=33560, stack(0x000000fa17b00000,0x000000fa17c00000)]
  0x000002003915f000 JavaThread "jar transforms Thread 13" [_thread_blocked, id=45560, stack(0x000000fa17c00000,0x000000fa17d00000)]
  0x0000020039159800 JavaThread "jar transforms Thread 14" [_thread_blocked, id=39564, stack(0x000000fa17d00000,0x000000fa17e00000)]
  0x0000020039163000 JavaThread "jar transforms Thread 15" [_thread_blocked, id=28900, stack(0x000000fa17e00000,0x000000fa17f00000)]
  0x0000020039160000 JavaThread "jar transforms Thread 16" [_thread_blocked, id=41348, stack(0x000000fa17f00000,0x000000fa18000000)]
  0x0000020039165000 JavaThread "jar transforms Thread 17" [_thread_blocked, id=47380, stack(0x000000fa18000000,0x000000fa18100000)]
  0x0000020039161800 JavaThread "jar transforms Thread 18" [_thread_blocked, id=47252, stack(0x000000fa18100000,0x000000fa18200000)]
  0x0000020039164000 JavaThread "jar transforms Thread 19" [_thread_blocked, id=38632, stack(0x000000fa18200000,0x000000fa18300000)]
  0x0000020039165800 JavaThread "jar transforms Thread 20" [_thread_blocked, id=5612, stack(0x000000fa18300000,0x000000fa18400000)]
  0x0000020039161000 JavaThread "jar transforms Thread 21" [_thread_blocked, id=11288, stack(0x000000fa18400000,0x000000fa18500000)]
  0x0000020039166800 JavaThread "Cache worker for checksums cache (D:\SuperHeroes2\.gradle\checksums)" [_thread_blocked, id=47192, stack(0x000000fa18500000,0x000000fa18600000)]
  0x0000020039167800 JavaThread "Cache worker for cache directory md-supplier (C:\Users\SHIVAM\.gradle\caches\6.7.1\md-supplier)" [_thread_blocked, id=2312, stack(0x000000fa18600000,0x000000fa18700000)]
  0x0000020039162800 JavaThread "Cache worker for cache directory md-rule (C:\Users\SHIVAM\.gradle\caches\6.7.1\md-rule)" [_thread_blocked, id=40072, stack(0x000000fa18700000,0x000000fa18800000)]
  0x0000020037420800 JavaThread "Cache worker for execution history cache (C:\Users\SHIVAM\.gradle\caches\6.7.1\executionHistory)" [_thread_blocked, id=30620, stack(0x000000fa18800000,0x000000fa18900000)]
  0x0000020037421000 JavaThread "Cache worker for file content cache (C:\Users\SHIVAM\.gradle\caches\6.7.1\fileContent)" [_thread_blocked, id=47948, stack(0x000000fa18900000,0x000000fa18a00000)]
  0x000002003741c000 JavaThread "Cache worker for Build Output Cleanup Cache (D:\SuperHeroes2\.gradle\buildOutputCleanup)" [_thread_blocked, id=46356, stack(0x000000fa18b00000,0x000000fa18c00000)]
  0x000002003741e000 JavaThread "Build operations" [_thread_blocked, id=37256, stack(0x000000fa18c00000,0x000000fa18d00000)]
  0x0000020037422000 JavaThread "Build operations Thread 2" [_thread_blocked, id=31788, stack(0x000000fa18d00000,0x000000fa18e00000)]
  0x0000020037422800 JavaThread "Build operations Thread 3" [_thread_blocked, id=42944, stack(0x000000fa18e00000,0x000000fa18f00000)]
  0x000002003741d000 JavaThread "Build operations Thread 4" [_thread_blocked, id=10180, stack(0x000000fa18f00000,0x000000fa19000000)]
  0x0000020037424800 JavaThread "Build operations Thread 5" [_thread_blocked, id=47544, stack(0x000000fa19000000,0x000000fa19100000)]
  0x0000020037423800 JavaThread "Build operations Thread 6" [_thread_blocked, id=29944, stack(0x000000fa19100000,0x000000fa19200000)]
  0x000002003741f800 JavaThread "Build operations Thread 7" [_thread_blocked, id=40784, stack(0x000000fa19200000,0x000000fa19300000)]
  0x000002003741e800 JavaThread "Build operations Thread 8" [_thread_blocked, id=36112, stack(0x000000fa19300000,0x000000fa19400000)]
  0x0000020037427800 JavaThread "jar transforms Thread 22" [_thread_blocked, id=29852, stack(0x000000fa19400000,0x000000fa19500000)]
  0x0000020037425000 JavaThread "jar transforms Thread 23" [_thread_blocked, id=38372, stack(0x000000fa19500000,0x000000fa19600000)]
  0x000002003742a000 JavaThread "jar transforms Thread 24" [_thread_blocked, id=45388, stack(0x000000fa19600000,0x000000fa19700000)]
  0x0000020037426000 JavaThread "jar transforms Thread 25" [_thread_blocked, id=46440, stack(0x000000fa19700000,0x000000fa19800000)]
  0x0000020037427000 JavaThread "jar transforms Thread 26" [_thread_blocked, id=28092, stack(0x000000fa19800000,0x000000fa19900000)]
  0x0000020037429800 JavaThread "jar transforms Thread 27" [_thread_blocked, id=4644, stack(0x000000fa19900000,0x000000fa19a00000)]
  0x0000020037428800 JavaThread "jar transforms Thread 28" [_thread_blocked, id=43540, stack(0x000000fa19a00000,0x000000fa19b00000)]
  0x000002003b24c800 JavaThread "jar transforms Thread 29" [_thread_blocked, id=29232, stack(0x000000fa19b00000,0x000000fa19c00000)]
  0x000002003b24e000 JavaThread "jar transforms Thread 30" [_thread_blocked, id=23008, stack(0x000000fa19c00000,0x000000fa19d00000)]
  0x000002003b253000 JavaThread "jar transforms Thread 31" [_thread_blocked, id=10220, stack(0x000000fa19d00000,0x000000fa19e00000)]
  0x000002003b24f800 JavaThread "jar transforms Thread 32" [_thread_blocked, id=37864, stack(0x000000fa19e00000,0x000000fa19f00000)]
  0x000002003b250800 JavaThread "jar transforms Thread 33" [_thread_blocked, id=19792, stack(0x000000fa19f00000,0x000000fa1a000000)]
  0x000002003b251000 JavaThread "jar transforms Thread 34" [_thread_blocked, id=32240, stack(0x000000fa1a000000,0x000000fa1a100000)]
  0x000002003b24e800 JavaThread "jar transforms Thread 35" [_thread_blocked, id=46944, stack(0x000000fa1a100000,0x000000fa1a200000)]
  0x000002003b252000 JavaThread "jar transforms Thread 36" [_thread_blocked, id=26040, stack(0x000000fa1a200000,0x000000fa1a300000)]
  0x000002003b24d000 JavaThread "jar transforms Thread 37" [_thread_blocked, id=31088, stack(0x000000fa1a300000,0x000000fa1a400000)]
  0x000002003b254800 JavaThread "jar transforms Thread 38" [_thread_blocked, id=9844, stack(0x000000fa1a400000,0x000000fa1a500000)]
  0x000002003b258800 JavaThread "jar transforms Thread 39" [_thread_blocked, id=26424, stack(0x000000fa1a500000,0x000000fa1a600000)]
  0x000002003b256000 JavaThread "jar transforms Thread 40" [_thread_blocked, id=39508, stack(0x000000fa1a600000,0x000000fa1a700000)]
  0x000002003b257000 JavaThread "jar transforms Thread 41" [_thread_blocked, id=47260, stack(0x000000fa1a700000,0x000000fa1a800000)]
  0x000002003b255000 JavaThread "jar transforms Thread 42" [_thread_blocked, id=47256, stack(0x000000fa1a800000,0x000000fa1a900000)]
  0x000002003b257800 JavaThread "jar transforms Thread 43" [_thread_blocked, id=47792, stack(0x000000fa1a900000,0x000000fa1aa00000)]
  0x000002003b259800 JavaThread "jar transforms Thread 44" [_thread_blocked, id=32128, stack(0x000000fa1aa00000,0x000000fa1ab00000)]
  0x000002003b253800 JavaThread "jar transforms Thread 45" [_thread_blocked, id=48108, stack(0x000000fa1ab00000,0x000000fa1ac00000)]
  0x000002003b25a000 JavaThread "jar transforms Thread 46" [_thread_blocked, id=40140, stack(0x000000fa1ac00000,0x000000fa1ad00000)]
  0x000002003b25b000 JavaThread "jar transforms Thread 47" [_thread_blocked, id=8164, stack(0x000000fa1ad00000,0x000000fa1ae00000)]
  0x000002003b052000 JavaThread "jar transforms Thread 48" [_thread_blocked, id=45260, stack(0x000000fa1ae00000,0x000000fa1af00000)]
  0x000002003b051800 JavaThread "jar transforms Thread 49" [_thread_blocked, id=46048, stack(0x000000fa1af00000,0x000000fa1b000000)]
  0x000002003b054800 JavaThread "jar transforms Thread 50" [_thread_blocked, id=35532, stack(0x000000fa1b000000,0x000000fa1b100000)]
  0x000002003b053800 JavaThread "jar transforms Thread 51" [_thread_blocked, id=28968, stack(0x000000fa1b100000,0x000000fa1b200000)]
  0x000002003b055800 JavaThread "jar transforms Thread 52" [_thread_blocked, id=20564, stack(0x000000fa1b200000,0x000000fa1b300000)]
  0x000002003b053000 JavaThread "jar transforms Thread 53" [_thread_blocked, id=46676, stack(0x000000fa1b300000,0x000000fa1b400000)]
  0x000002003b050800 JavaThread "jar transforms Thread 54" [_thread_blocked, id=46668, stack(0x000000fa1b400000,0x000000fa1b500000)]
  0x000002003b058800 JavaThread "jar transforms Thread 55" [_thread_blocked, id=45664, stack(0x000000fa1b500000,0x000000fa1b600000)]
  0x000002003b05a000 JavaThread "jar transforms Thread 56" [_thread_blocked, id=41944, stack(0x000000fa1b600000,0x000000fa1b700000)]
  0x000002003b056000 JavaThread "jar transforms Thread 57" [_thread_blocked, id=32892, stack(0x000000fa1b700000,0x000000fa1b800000)]
  0x000002003b059800 JavaThread "jar transforms Thread 58" [_thread_blocked, id=46736, stack(0x000000fa1b800000,0x000000fa1b900000)]
  0x000002003b05b000 JavaThread "jar transforms Thread 59" [_thread_blocked, id=42252, stack(0x000000fa1b900000,0x000000fa1ba00000)]
  0x000002003b058000 JavaThread "jar transforms Thread 60" [_thread_blocked, id=46208, stack(0x000000fa1ba00000,0x000000fa1bb00000)]
  0x000002003b05c000 JavaThread "jar transforms Thread 61" [_thread_blocked, id=47796, stack(0x000000fa1bb00000,0x000000fa1bc00000)]
  0x000002003b05c800 JavaThread "jar transforms Thread 62" [_thread_blocked, id=29744, stack(0x000000fa1bc00000,0x000000fa1bd00000)]
  0x000002003b057000 JavaThread "jar transforms Thread 63" [_thread_blocked, id=32736, stack(0x000000fa1bd00000,0x000000fa1be00000)]
  0x000002003b05d800 JavaThread "jar transforms Thread 64" [_thread_blocked, id=46404, stack(0x000000fa1be00000,0x000000fa1bf00000)]
  0x000002003b05e800 JavaThread "jar transforms Thread 65" [_thread_blocked, id=41700, stack(0x000000fa1bf00000,0x000000fa1c000000)]
  0x000002003b05f000 JavaThread "jar transforms Thread 66" [_thread_blocked, id=47516, stack(0x000000fa1c000000,0x000000fa1c100000)]
  0x000002003b1b8800 JavaThread "jar transforms Thread 67" [_thread_blocked, id=39536, stack(0x000000fa1c100000,0x000000fa1c200000)]
  0x000002003b1b3000 JavaThread "jar transforms Thread 68" [_thread_blocked, id=22652, stack(0x000000fa1c200000,0x000000fa1c300000)]
  0x000002003b1b4000 JavaThread "jar transforms Thread 69" [_thread_blocked, id=47768, stack(0x000000fa1c300000,0x000000fa1c400000)]
  0x000002003b1b6800 JavaThread "jar transforms Thread 70" [_thread_blocked, id=45800, stack(0x000000fa1c400000,0x000000fa1c500000)]
  0x000002003b1b7000 JavaThread "jar transforms Thread 71" [_thread_blocked, id=22636, stack(0x000000fa1c500000,0x000000fa1c600000)]
  0x000002003b1b8000 JavaThread "jar transforms Thread 72" [_thread_blocked, id=40408, stack(0x000000fa1c600000,0x000000fa1c700000)]
  0x000002003b1ba800 JavaThread "jar transforms Thread 73" [_thread_blocked, id=27432, stack(0x000000fa1c700000,0x000000fa1c800000)]
  0x000002003b1b9800 JavaThread "jar transforms Thread 74" [_thread_blocked, id=47556, stack(0x000000fa1c800000,0x000000fa1c900000)]
  0x000002003b1b4800 JavaThread "jar transforms Thread 75" [_thread_blocked, id=25636, stack(0x000000fa1c900000,0x000000fa1ca00000)]
  0x000002003b1bb000 JavaThread "jar transforms Thread 76" [_thread_blocked, id=16420, stack(0x000000fa1ca00000,0x000000fa1cb00000)]
  0x000002003b1b5800 JavaThread "jar transforms Thread 77" [_thread_blocked, id=20044, stack(0x000000fa1cb00000,0x000000fa1cc00000)]
  0x000002003b1bc000 JavaThread "jar transforms Thread 78" [_thread_blocked, id=43800, stack(0x000000fa1cc00000,0x000000fa1cd00000)]
  0x000002003b1c0000 JavaThread "jar transforms Thread 79" [_thread_blocked, id=48088, stack(0x000000fa1cd00000,0x000000fa1ce00000)]
  0x000002003b1c1800 JavaThread "jar transforms Thread 80" [_thread_blocked, id=45828, stack(0x000000fa1ce00000,0x000000fa1cf00000)]
  0x000002003b1bd000 JavaThread "jar transforms Thread 81" [_thread_blocked, id=31516, stack(0x000000fa1cf00000,0x000000fa1d000000)]
  0x000002003b1c1000 JavaThread "jar transforms Thread 82" [_thread_blocked, id=36164, stack(0x000000fa1d000000,0x000000fa1d100000)]
  0x000002003b1bd800 JavaThread "jar transforms Thread 83" [_thread_blocked, id=37388, stack(0x000000fa1d100000,0x000000fa1d200000)]
  0x000002003b1be800 JavaThread "jar transforms Thread 84" [_thread_blocked, id=38476, stack(0x000000fa1d200000,0x000000fa1d300000)]
  0x000002003b1bf800 JavaThread "jar transforms Thread 85" [_thread_blocked, id=32544, stack(0x000000fa1d300000,0x000000fa1d400000)]
  0x000002003b1cf000 JavaThread "jar transforms Thread 86" [_thread_blocked, id=23348, stack(0x000000fa1d400000,0x000000fa1d500000)]
  0x000002003b1cc000 JavaThread "jar transforms Thread 87" [_thread_blocked, id=27332, stack(0x000000fa1d500000,0x000000fa1d600000)]
  0x000002003b1d0000 JavaThread "jar transforms Thread 88" [_thread_blocked, id=45256, stack(0x000000fa1d600000,0x000000fa1d700000)]
  0x000002003b1cc800 JavaThread "jar transforms Thread 89" [_thread_blocked, id=26124, stack(0x000000fa1d700000,0x000000fa1d800000)]
  0x000002003b1d0800 JavaThread "jar transforms Thread 90" [_thread_blocked, id=41476, stack(0x000000fa1d800000,0x000000fa1d900000)]
  0x000002003b1cb000 JavaThread "jar transforms Thread 91" [_thread_blocked, id=41096, stack(0x000000fa1d900000,0x000000fa1da00000)]
  0x000002003b1d3000 JavaThread "jar transforms Thread 92" [_thread_blocked, id=47732, stack(0x000000fa1da00000,0x000000fa1db00000)]
  0x000002003b1d1800 JavaThread "jar transforms Thread 93" [_thread_blocked, id=36380, stack(0x000000fa1db00000,0x000000fa1dc00000)]
  0x000002003b1ce800 JavaThread "jar transforms Thread 94" [_thread_blocked, id=42552, stack(0x000000fa1dc00000,0x000000fa1dd00000)]
  0x000002003b1d2800 JavaThread "jar transforms Thread 95" [_thread_blocked, id=26816, stack(0x000000fa1dd00000,0x000000fa1de00000)]
  0x000002003b1cd800 JavaThread "jar transforms Thread 96" [_thread_blocked, id=34620, stack(0x000000fa1de00000,0x000000fa1df00000)]
  0x000002003b1d8000 JavaThread "jar transforms Thread 97" [_thread_blocked, id=20356, stack(0x000000fa1df00000,0x000000fa1e000000)]

Other Threads:
  0x000002003440e800 VMThread "VM Thread" [stack: 0x000000fa14d00000,0x000000fa14e00000] [id=37600]
  0x0000020034e2a000 WatcherThread [stack: 0x000000fa15700000,0x000000fa15800000] [id=37204]
  0x000002001c704000 GCTaskThread "GC Thread#0" [stack: 0x000000fa14800000,0x000000fa14900000] [id=38612]
  0x000002003580c800 GCTaskThread "GC Thread#1" [stack: 0x000000fa15800000,0x000000fa15900000] [id=38608]
  0x000002003580d000 GCTaskThread "GC Thread#2" [stack: 0x000000fa15900000,0x000000fa15a00000] [id=21876]
  0x00000200358ff000 GCTaskThread "GC Thread#3" [stack: 0x000000fa15a00000,0x000000fa15b00000] [id=45952]
  0x00000200358ff800 GCTaskThread "GC Thread#4" [stack: 0x000000fa15b00000,0x000000fa15c00000] [id=46400]
  0x0000020035992000 GCTaskThread "GC Thread#5" [stack: 0x000000fa15c00000,0x000000fa15d00000] [id=2328]
  0x0000020036fad800 GCTaskThread "GC Thread#6" [stack: 0x000000fa16b00000,0x000000fa16c00000] [id=25744]
  0x0000020036d17800 GCTaskThread "GC Thread#7" [stack: 0x000000fa16c00000,0x000000fa16d00000] [id=34324]
  0x000002001c71e800 ConcurrentGCThread "G1 Main Marker" [stack: 0x000000fa14900000,0x000000fa14a00000] [id=33236]
  0x000002001c721800 ConcurrentGCThread "G1 Conc#0" [stack: 0x000000fa14a00000,0x000000fa14b00000] [id=23256]
  0x0000020036262000 ConcurrentGCThread "G1 Conc#1" [stack: 0x000000fa16d00000,0x000000fa16e00000] [id=4856]
  0x000002001c7cd800 ConcurrentGCThread "G1 Refine#0" [stack: 0x000000fa14b00000,0x000000fa14c00000] [id=32972]
  0x0000020038f0f000 ConcurrentGCThread "G1 Refine#1" [stack: 0x000000fa18a00000,0x000000fa18b00000] [id=33220]
  0x0000020034284800 ConcurrentGCThread "G1 Young RemSet Sampling" [stack: 0x000000fa14c00000,0x000000fa14d00000] [id=12736]

Threads with active compile tasks:
C2 CompilerThread0   9454 5128       4       org.codehaus.groovy.runtime.metaclass.MetaMethodIndex::addMethodToList (298 bytes)

VM state:not at safepoint (normal execution)

VM Mutex/Monitor currently owned by a thread: None

Heap address: 0x00000000c0000000, size: 1024 MB, Compressed Oops mode: 32-bit
Narrow klass base: 0x0000000000000000, Narrow klass shift: 3
Compressed class space size: 1073741824 Address: 0x0000000100000000

Heap:
 garbage-first heap   total 262144K, used 151593K [0x00000000c0000000, 0x0000000100000000)
  region size 1024K, 114 young (116736K), 14 survivors (14336K)
 Metaspace       used 51759K, capacity 53253K, committed 53500K, reserved 1095680K
  class space    used 6534K, capacity 6994K, committed 7040K, reserved 1048576K
Heap Regions: E=young(eden), S=young(survivor), O=old, HS=humongous(starts), HC=humongous(continues), CS=collection set, F=free, A=archive, TAMS=top-at-mark-start (previous, next)
|   0|0x00000000c0000000, 0x00000000c0100000, 0x00000000c0100000|100%| O|  |TAMS 0x00000000c0100000, 0x00000000c0000000| Untracked 
|   1|0x00000000c0100000, 0x00000000c0200000, 0x00000000c0200000|100%| O|  |TAMS 0x00000000c0200000, 0x00000000c0100000| Untracked 
|   2|0x00000000c0200000, 0x00000000c0300000, 0x00000000c0300000|100%| O|  |TAMS 0x00000000c0300000, 0x00000000c0200000| Untracked 
|   3|0x00000000c0300000, 0x00000000c0400000, 0x00000000c0400000|100%|HS|  |TAMS 0x00000000c0400000, 0x00000000c0300000| Complete 
|   4|0x00000000c0400000, 0x00000000c0500000, 0x00000000c0500000|100%|HC|  |TAMS 0x00000000c0500000, 0x00000000c0400000| Complete 
|   5|0x00000000c0500000, 0x00000000c0600000, 0x00000000c0600000|100%|HC|  |TAMS 0x00000000c0600000, 0x00000000c0500000| Complete 
|   6|0x00000000c0600000, 0x00000000c0700000, 0x00000000c0700000|100%| O|  |TAMS 0x00000000c0700000, 0x00000000c0600000| Untracked 
|   7|0x00000000c0700000, 0x00000000c0800000, 0x00000000c0800000|100%| O|  |TAMS 0x00000000c0800000, 0x00000000c0700000| Untracked 
|   8|0x00000000c0800000, 0x00000000c0900000, 0x00000000c0900000|100%| O|  |TAMS 0x00000000c0900000, 0x00000000c0800000| Untracked 
|   9|0x00000000c0900000, 0x00000000c0a00000, 0x00000000c0a00000|100%| O|  |TAMS 0x00000000c0a00000, 0x00000000c0900000| Untracked 
|  10|0x00000000c0a00000, 0x00000000c0b00000, 0x00000000c0b00000|100%| O|  |TAMS 0x00000000c0b00000, 0x00000000c0a00000| Untracked 
|  11|0x00000000c0b00000, 0x00000000c0c00000, 0x00000000c0c00000|100%| O|  |TAMS 0x00000000c0c00000, 0x00000000c0b00000| Untracked 
|  12|0x00000000c0c00000, 0x00000000c0d00000, 0x00000000c0d00000|100%| O|  |TAMS 0x00000000c0d00000, 0x00000000c0c00000| Untracked 
|  13|0x00000000c0d00000, 0x00000000c0e00000, 0x00000000c0e00000|100%| O|  |TAMS 0x00000000c0e00000, 0x00000000c0d00000| Untracked 
|  14|0x00000000c0e00000, 0x00000000c0f00000, 0x00000000c0f00000|100%| O|  |TAMS 0x00000000c0f00000, 0x00000000c0e00000| Untracked 
|  15|0x00000000c0f00000, 0x00000000c1000000, 0x00000000c1000000|100%| O|  |TAMS 0x00000000c0f30c00, 0x00000000c0f00000| Untracked 
|  16|0x00000000c1000000, 0x00000000c1100000, 0x00000000c1100000|100%|HS|  |TAMS 0x00000000c1100000, 0x00000000c1000000| Complete 
|  17|0x00000000c1100000, 0x00000000c1200000, 0x00000000c1200000|100%|HC|  |TAMS 0x00000000c1200000, 0x00000000c1100000| Complete 
|  18|0x00000000c1200000, 0x00000000c1300000, 0x00000000c1300000|100%|HS|  |TAMS 0x00000000c1300000, 0x00000000c1200000| Complete 
|  19|0x00000000c1300000, 0x00000000c1400000, 0x00000000c1400000|100%|HC|  |TAMS 0x00000000c1400000, 0x00000000c1300000| Complete 
|  20|0x00000000c1400000, 0x00000000c1500000, 0x00000000c1500000|100%|HC|  |TAMS 0x00000000c1500000, 0x00000000c1400000| Complete 
|  21|0x00000000c1500000, 0x00000000c1600000, 0x00000000c1600000|100%|HS|  |TAMS 0x00000000c1600000, 0x00000000c1500000| Complete 
|  22|0x00000000c1600000, 0x00000000c1700000, 0x00000000c1700000|100%|HC|  |TAMS 0x00000000c1700000, 0x00000000c1600000| Complete 
|  23|0x00000000c1700000, 0x00000000c1800000, 0x00000000c1800000|100%|HC|  |TAMS 0x00000000c1800000, 0x00000000c1700000| Complete 
|  24|0x00000000c1800000, 0x00000000c1900000, 0x00000000c1900000|100%|HC|  |TAMS 0x00000000c1900000, 0x00000000c1800000| Complete 
|  25|0x00000000c1900000, 0x00000000c1a00000, 0x00000000c1a00000|100%|HS|  |TAMS 0x00000000c1900000, 0x00000000c1900000| Complete 
|  26|0x00000000c1a00000, 0x00000000c1b00000, 0x00000000c1b00000|100%|HS|  |TAMS 0x00000000c1a00000, 0x00000000c1a00000| Complete 
|  27|0x00000000c1b00000, 0x00000000c1c00000, 0x00000000c1c00000|100%|HC|  |TAMS 0x00000000c1b00000, 0x00000000c1b00000| Complete 
|  28|0x00000000c1c00000, 0x00000000c1d00000, 0x00000000c1d00000|100%|HS|  |TAMS 0x00000000c1c00000, 0x00000000c1c00000| Complete 
|  29|0x00000000c1d00000, 0x00000000c1e00000, 0x00000000c1e00000|100%|HC|  |TAMS 0x00000000c1d00000, 0x00000000c1d00000| Complete 
|  30|0x00000000c1e00000, 0x00000000c1f00000, 0x00000000c1f00000|100%|HC|  |TAMS 0x00000000c1e00000, 0x00000000c1e00000| Complete 
|  31|0x00000000c1f00000, 0x00000000c2000000, 0x00000000c2000000|100%|HC|  |TAMS 0x00000000c1f00000, 0x00000000c1f00000| Complete 
|  32|0x00000000c2000000, 0x00000000c2100000, 0x00000000c2100000|100%|HS|  |TAMS 0x00000000c2000000, 0x00000000c2000000| Complete 
|  33|0x00000000c2100000, 0x00000000c2200000, 0x00000000c2200000|100%|HC|  |TAMS 0x00000000c2100000, 0x00000000c2100000| Complete 
|  34|0x00000000c2200000, 0x00000000c2300000, 0x00000000c2300000|100%|HC|  |TAMS 0x00000000c2200000, 0x00000000c2200000| Complete 
|  35|0x00000000c2300000, 0x00000000c2300000, 0x00000000c2400000|  0%| F|  |TAMS 0x00000000c2300000, 0x00000000c2300000| Untracked 
|  36|0x00000000c2400000, 0x00000000c2500000, 0x00000000c2500000|100%| O|  |TAMS 0x00000000c2400000, 0x00000000c2400000| Untracked 
|  37|0x00000000c2500000, 0x00000000c250a600, 0x00000000c2600000|  4%| O|  |TAMS 0x00000000c2500000, 0x00000000c2500000| Untracked 
|  38|0x00000000c2600000, 0x00000000c2600000, 0x00000000c2700000|  0%| F|  |TAMS 0x00000000c2600000, 0x00000000c2600000| Untracked 
|  39|0x00000000c2700000, 0x00000000c2700000, 0x00000000c2800000|  0%| F|  |TAMS 0x00000000c2700000, 0x00000000c2700000| Untracked 
|  40|0x00000000c2800000, 0x00000000c2800000, 0x00000000c2900000|  0%| F|  |TAMS 0x00000000c2800000, 0x00000000c2800000| Untracked 
|  41|0x00000000c2900000, 0x00000000c2900000, 0x00000000c2a00000|  0%| F|  |TAMS 0x00000000c2900000, 0x00000000c2900000| Untracked 
|  42|0x00000000c2a00000, 0x00000000c2a00000, 0x00000000c2b00000|  0%| F|  |TAMS 0x00000000c2a00000, 0x00000000c2a00000| Untracked 
|  43|0x00000000c2b00000, 0x00000000c2b00000, 0x00000000c2c00000|  0%| F|  |TAMS 0x00000000c2b00000, 0x00000000c2b00000| Untracked 
|  44|0x00000000c2c00000, 0x00000000c2c00000, 0x00000000c2d00000|  0%| F|  |TAMS 0x00000000c2c00000, 0x00000000c2c00000| Untracked 
|  45|0x00000000c2d00000, 0x00000000c2d00000, 0x00000000c2e00000|  0%| F|  |TAMS 0x00000000c2d00000, 0x00000000c2d00000| Untracked 
|  46|0x00000000c2e00000, 0x00000000c2e00000, 0x00000000c2f00000|  0%| F|  |TAMS 0x00000000c2e00000, 0x00000000c2e00000| Untracked 
|  47|0x00000000c2f00000, 0x00000000c2f00000, 0x00000000c3000000|  0%| F|  |TAMS 0x00000000c2f00000, 0x00000000c2f00000| Untracked 
|  48|0x00000000c3000000, 0x00000000c3000000, 0x00000000c3100000|  0%| F|  |TAMS 0x00000000c3000000, 0x00000000c3000000| Untracked 
|  49|0x00000000c3100000, 0x00000000c3100000, 0x00000000c3200000|  0%| F|  |TAMS 0x00000000c3100000, 0x00000000c3100000| Untracked 
|  50|0x00000000c3200000, 0x00000000c3200000, 0x00000000c3300000|  0%| F|  |TAMS 0x00000000c3200000, 0x00000000c3200000| Untracked 
|  51|0x00000000c3300000, 0x00000000c3300000, 0x00000000c3400000|  0%| F|  |TAMS 0x00000000c3300000, 0x00000000c3300000| Untracked 
|  52|0x00000000c3400000, 0x00000000c3400000, 0x00000000c3500000|  0%| F|  |TAMS 0x00000000c3400000, 0x00000000c3400000| Untracked 
|  53|0x00000000c3500000, 0x00000000c3500000, 0x00000000c3600000|  0%| F|  |TAMS 0x00000000c3500000, 0x00000000c3500000| Untracked 
|  54|0x00000000c3600000, 0x00000000c3600000, 0x00000000c3700000|  0%| F|  |TAMS 0x00000000c3600000, 0x00000000c3600000| Untracked 
|  55|0x00000000c3700000, 0x00000000c3700000, 0x00000000c3800000|  0%| F|  |TAMS 0x00000000c3700000, 0x00000000c3700000| Untracked 
|  56|0x00000000c3800000, 0x00000000c3800000, 0x00000000c3900000|  0%| F|  |TAMS 0x00000000c3800000, 0x00000000c3800000| Untracked 
|  57|0x00000000c3900000, 0x00000000c3900000, 0x00000000c3a00000|  0%| F|  |TAMS 0x00000000c3900000, 0x00000000c3900000| Untracked 
|  58|0x00000000c3a00000, 0x00000000c3a00000, 0x00000000c3b00000|  0%| F|  |TAMS 0x00000000c3a00000, 0x00000000c3a00000| Untracked 
|  59|0x00000000c3b00000, 0x00000000c3b00000, 0x00000000c3c00000|  0%| F|  |TAMS 0x00000000c3b00000, 0x00000000c3b00000| Untracked 
|  60|0x00000000c3c00000, 0x00000000c3c00000, 0x00000000c3d00000|  0%| F|  |TAMS 0x00000000c3c00000, 0x00000000c3c00000| Untracked 
|  61|0x00000000c3d00000, 0x00000000c3d00000, 0x00000000c3e00000|  0%| F|  |TAMS 0x00000000c3d00000, 0x00000000c3d00000| Untracked 
|  62|0x00000000c3e00000, 0x00000000c3e00000, 0x00000000c3f00000|  0%| F|  |TAMS 0x00000000c3e00000, 0x00000000c3e00000| Untracked 
|  63|0x00000000c3f00000, 0x00000000c3f00000, 0x00000000c4000000|  0%| F|  |TAMS 0x00000000c3f00000, 0x00000000c3f00000| Untracked 
|  64|0x00000000c4000000, 0x00000000c4000000, 0x00000000c4100000|  0%| F|  |TAMS 0x00000000c4000000, 0x00000000c4000000| Untracked 
|  65|0x00000000c4100000, 0x00000000c4100000, 0x00000000c4200000|  0%| F|  |TAMS 0x00000000c4100000, 0x00000000c4100000| Untracked 
|  66|0x00000000c4200000, 0x00000000c4200000, 0x00000000c4300000|  0%| F|  |TAMS 0x00000000c4200000, 0x00000000c4200000| Untracked 
|  67|0x00000000c4300000, 0x00000000c4300000, 0x00000000c4400000|  0%| F|  |TAMS 0x00000000c4300000, 0x00000000c4300000| Untracked 
|  68|0x00000000c4400000, 0x00000000c4400000, 0x00000000c4500000|  0%| F|  |TAMS 0x00000000c4400000, 0x00000000c4400000| Untracked 
|  69|0x00000000c4500000, 0x00000000c4500000, 0x00000000c4600000|  0%| F|  |TAMS 0x00000000c4500000, 0x00000000c4500000| Untracked 
|  70|0x00000000c4600000, 0x00000000c4600000, 0x00000000c4700000|  0%| F|  |TAMS 0x00000000c4600000, 0x00000000c4600000| Untracked 
|  71|0x00000000c4700000, 0x00000000c4700000, 0x00000000c4800000|  0%| F|  |TAMS 0x00000000c4700000, 0x00000000c4700000| Untracked 
|  72|0x00000000c4800000, 0x00000000c4800000, 0x00000000c4900000|  0%| F|  |TAMS 0x00000000c4800000, 0x00000000c4800000| Untracked 
|  73|0x00000000c4900000, 0x00000000c4900000, 0x00000000c4a00000|  0%| F|  |TAMS 0x00000000c4900000, 0x00000000c4900000| Untracked 
|  74|0x00000000c4a00000, 0x00000000c4a00000, 0x00000000c4b00000|  0%| F|  |TAMS 0x00000000c4a00000, 0x00000000c4a00000| Untracked 
|  75|0x00000000c4b00000, 0x00000000c4b00000, 0x00000000c4c00000|  0%| F|  |TAMS 0x00000000c4b00000, 0x00000000c4b00000| Untracked 
|  76|0x00000000c4c00000, 0x00000000c4c00000, 0x00000000c4d00000|  0%| F|  |TAMS 0x00000000c4c00000, 0x00000000c4c00000| Untracked 
|  77|0x00000000c4d00000, 0x00000000c4d00000, 0x00000000c4e00000|  0%| F|  |TAMS 0x00000000c4d00000, 0x00000000c4d00000| Untracked 
|  78|0x00000000c4e00000, 0x00000000c4e00000, 0x00000000c4f00000|  0%| F|  |TAMS 0x00000000c4e00000, 0x00000000c4e00000| Untracked 
|  79|0x00000000c4f00000, 0x00000000c4f00000, 0x00000000c5000000|  0%| F|  |TAMS 0x00000000c4f00000, 0x00000000c4f00000| Untracked 
|  80|0x00000000c5000000, 0x00000000c5000000, 0x00000000c5100000|  0%| F|  |TAMS 0x00000000c5000000, 0x00000000c5000000| Untracked 
|  81|0x00000000c5100000, 0x00000000c5100000, 0x00000000c5200000|  0%| F|  |TAMS 0x00000000c5100000, 0x00000000c5100000| Untracked 
|  82|0x00000000c5200000, 0x00000000c5200000, 0x00000000c5300000|  0%| F|  |TAMS 0x00000000c5200000, 0x00000000c5200000| Untracked 
|  83|0x00000000c5300000, 0x00000000c5300000, 0x00000000c5400000|  0%| F|  |TAMS 0x00000000c5300000, 0x00000000c5300000| Untracked 
|  84|0x00000000c5400000, 0x00000000c5400000, 0x00000000c5500000|  0%| F|  |TAMS 0x00000000c5400000, 0x00000000c5400000| Untracked 
|  85|0x00000000c5500000, 0x00000000c5500000, 0x00000000c5600000|  0%| F|  |TAMS 0x00000000c5500000, 0x00000000c5500000| Untracked 
|  86|0x00000000c5600000, 0x00000000c5600000, 0x00000000c5700000|  0%| F|  |TAMS 0x00000000c5600000, 0x00000000c5600000| Untracked 
|  87|0x00000000c5700000, 0x00000000c5700000, 0x00000000c5800000|  0%| F|  |TAMS 0x00000000c5700000, 0x00000000c5700000| Untracked 
|  88|0x00000000c5800000, 0x00000000c5800000, 0x00000000c5900000|  0%| F|  |TAMS 0x00000000c5800000, 0x00000000c5800000| Untracked 
|  89|0x00000000c5900000, 0x00000000c5900000, 0x00000000c5a00000|  0%| F|  |TAMS 0x00000000c5900000, 0x00000000c5900000| Untracked 
|  90|0x00000000c5a00000, 0x00000000c5a00000, 0x00000000c5b00000|  0%| F|  |TAMS 0x00000000c5a00000, 0x00000000c5a00000| Untracked 
|  91|0x00000000c5b00000, 0x00000000c5b00000, 0x00000000c5c00000|  0%| F|  |TAMS 0x00000000c5b00000, 0x00000000c5b00000| Untracked 
|  92|0x00000000c5c00000, 0x00000000c5c00000, 0x00000000c5d00000|  0%| F|  |TAMS 0x00000000c5c00000, 0x00000000c5c00000| Untracked 
|  93|0x00000000c5d00000, 0x00000000c5d00000, 0x00000000c5e00000|  0%| F|  |TAMS 0x00000000c5d00000, 0x00000000c5d00000| Untracked 
|  94|0x00000000c5e00000, 0x00000000c5e00000, 0x00000000c5f00000|  0%| F|  |TAMS 0x00000000c5e00000, 0x00000000c5e00000| Untracked 
|  95|0x00000000c5f00000, 0x00000000c5f00000, 0x00000000c6000000|  0%| F|  |TAMS 0x00000000c5f00000, 0x00000000c5f00000| Untracked 
|  96|0x00000000c6000000, 0x00000000c6000000, 0x00000000c6100000|  0%| F|  |TAMS 0x00000000c6000000, 0x00000000c6000000| Untracked 
|  97|0x00000000c6100000, 0x00000000c6100000, 0x00000000c6200000|  0%| F|  |TAMS 0x00000000c6100000, 0x00000000c6100000| Untracked 
|  98|0x00000000c6200000, 0x00000000c6200000, 0x00000000c6300000|  0%| F|  |TAMS 0x00000000c6200000, 0x00000000c6200000| Untracked 
|  99|0x00000000c6300000, 0x00000000c6300000, 0x00000000c6400000|  0%| F|  |TAMS 0x00000000c6300000, 0x00000000c6300000| Untracked 
| 100|0x00000000c6400000, 0x00000000c6400000, 0x00000000c6500000|  0%| F|  |TAMS 0x00000000c6400000, 0x00000000c6400000| Untracked 
| 101|0x00000000c6500000, 0x00000000c6500000, 0x00000000c6600000|  0%| F|  |TAMS 0x00000000c6500000, 0x00000000c6500000| Untracked 
| 102|0x00000000c6600000, 0x00000000c6600000, 0x00000000c6700000|  0%| F|  |TAMS 0x00000000c6600000, 0x00000000c6600000| Untracked 
| 103|0x00000000c6700000, 0x00000000c6700000, 0x00000000c6800000|  0%| F|  |TAMS 0x00000000c6700000, 0x00000000c6700000| Untracked 
| 104|0x00000000c6800000, 0x00000000c6800000, 0x00000000c6900000|  0%| F|  |TAMS 0x00000000c6800000, 0x00000000c6800000| Untracked 
| 105|0x00000000c6900000, 0x00000000c6900000, 0x00000000c6a00000|  0%| F|  |TAMS 0x00000000c6900000, 0x00000000c6900000| Untracked 
| 106|0x00000000c6a00000, 0x00000000c6a00000, 0x00000000c6b00000|  0%| F|  |TAMS 0x00000000c6a00000, 0x00000000c6a00000| Untracked 
| 107|0x00000000c6b00000, 0x00000000c6b00000, 0x00000000c6c00000|  0%| F|  |TAMS 0x00000000c6b00000, 0x00000000c6b00000| Untracked 
| 108|0x00000000c6c00000, 0x00000000c6c00000, 0x00000000c6d00000|  0%| F|  |TAMS 0x00000000c6c00000, 0x00000000c6c00000| Untracked 
| 109|0x00000000c6d00000, 0x00000000c6d00000, 0x00000000c6e00000|  0%| F|  |TAMS 0x00000000c6d00000, 0x00000000c6d00000| Untracked 
| 110|0x00000000c6e00000, 0x00000000c6e00000, 0x00000000c6f00000|  0%| F|  |TAMS 0x00000000c6e00000, 0x00000000c6e00000| Untracked 
| 111|0x00000000c6f00000, 0x00000000c6f00000, 0x00000000c7000000|  0%| F|  |TAMS 0x00000000c6f00000, 0x00000000c6f00000| Untracked 
| 112|0x00000000c7000000, 0x00000000c7000000, 0x00000000c7100000|  0%| F|  |TAMS 0x00000000c7000000, 0x00000000c7000000| Untracked 
| 113|0x00000000c7100000, 0x00000000c7100000, 0x00000000c7200000|  0%| F|  |TAMS 0x00000000c7100000, 0x00000000c7100000| Untracked 
| 114|0x00000000c7200000, 0x00000000c7200000, 0x00000000c7300000|  0%| F|  |TAMS 0x00000000c7200000, 0x00000000c7200000| Untracked 
| 115|0x00000000c7300000, 0x00000000c7300000, 0x00000000c7400000|  0%| F|  |TAMS 0x00000000c7300000, 0x00000000c7300000| Untracked 
| 116|0x00000000c7400000, 0x00000000c7400000, 0x00000000c7500000|  0%| F|  |TAMS 0x00000000c7400000, 0x00000000c7400000| Untracked 
| 117|0x00000000c7500000, 0x00000000c7500000, 0x00000000c7600000|  0%| F|  |TAMS 0x00000000c7500000, 0x00000000c7500000| Untracked 
| 118|0x00000000c7600000, 0x00000000c7600000, 0x00000000c7700000|  0%| F|  |TAMS 0x00000000c7600000, 0x00000000c7600000| Untracked 
| 119|0x00000000c7700000, 0x00000000c7700000, 0x00000000c7800000|  0%| F|  |TAMS 0x00000000c7700000, 0x00000000c7700000| Untracked 
| 120|0x00000000c7800000, 0x00000000c7800000, 0x00000000c7900000|  0%| F|  |TAMS 0x00000000c7800000, 0x00000000c7800000| Untracked 
| 121|0x00000000c7900000, 0x00000000c7900000, 0x00000000c7a00000|  0%| F|  |TAMS 0x00000000c7900000, 0x00000000c7900000| Untracked 
| 122|0x00000000c7a00000, 0x00000000c7a00000, 0x00000000c7b00000|  0%| F|  |TAMS 0x00000000c7a00000, 0x00000000c7a00000| Untracked 
| 123|0x00000000c7b00000, 0x00000000c7b00000, 0x00000000c7c00000|  0%| F|  |TAMS 0x00000000c7b00000, 0x00000000c7b00000| Untracked 
| 124|0x00000000c7c00000, 0x00000000c7c00000, 0x00000000c7d00000|  0%| F|  |TAMS 0x00000000c7c00000, 0x00000000c7c00000| Untracked 
| 125|0x00000000c7d00000, 0x00000000c7d00000, 0x00000000c7e00000|  0%| F|  |TAMS 0x00000000c7d00000, 0x00000000c7d00000| Untracked 
| 126|0x00000000c7e00000, 0x00000000c7e00000, 0x00000000c7f00000|  0%| F|  |TAMS 0x00000000c7e00000, 0x00000000c7e00000| Untracked 
| 127|0x00000000c7f00000, 0x00000000c7f00000, 0x00000000c8000000|  0%| F|  |TAMS 0x00000000c7f00000, 0x00000000c7f00000| Untracked 
| 128|0x00000000c8000000, 0x00000000c8000000, 0x00000000c8100000|  0%| F|  |TAMS 0x00000000c8000000, 0x00000000c8000000| Untracked 
| 129|0x00000000c8100000, 0x00000000c8100000, 0x00000000c8200000|  0%| F|  |TAMS 0x00000000c8100000, 0x00000000c8100000| Untracked 
| 130|0x00000000c8200000, 0x00000000c8200000, 0x00000000c8300000|  0%| F|  |TAMS 0x00000000c8200000, 0x00000000c8200000| Untracked 
| 131|0x00000000c8300000, 0x00000000c8300000, 0x00000000c8400000|  0%| F|  |TAMS 0x00000000c8300000, 0x00000000c8300000| Untracked 
| 132|0x00000000c8400000, 0x00000000c8400000, 0x00000000c8500000|  0%| F|  |TAMS 0x00000000c8400000, 0x00000000c8400000| Untracked 
| 133|0x00000000c8500000, 0x00000000c8600000, 0x00000000c8600000|100%| S|CS|TAMS 0x00000000c8500000, 0x00000000c8500000| Complete 
| 134|0x00000000c8600000, 0x00000000c8700000, 0x00000000c8700000|100%| S|CS|TAMS 0x00000000c8600000, 0x00000000c8600000| Complete 
| 135|0x00000000c8700000, 0x00000000c8800000, 0x00000000c8800000|100%| S|CS|TAMS 0x00000000c8700000, 0x00000000c8700000| Complete 
| 136|0x00000000c8800000, 0x00000000c8900000, 0x00000000c8900000|100%| S|CS|TAMS 0x00000000c8800000, 0x00000000c8800000| Complete 
| 137|0x00000000c8900000, 0x00000000c8a00000, 0x00000000c8a00000|100%| S|CS|TAMS 0x00000000c8900000, 0x00000000c8900000| Complete 
| 138|0x00000000c8a00000, 0x00000000c8b00000, 0x00000000c8b00000|100%| S|CS|TAMS 0x00000000c8a00000, 0x00000000c8a00000| Complete 
| 139|0x00000000c8b00000, 0x00000000c8c00000, 0x00000000c8c00000|100%| S|CS|TAMS 0x00000000c8b00000, 0x00000000c8b00000| Complete 
| 140|0x00000000c8c00000, 0x00000000c8d00000, 0x00000000c8d00000|100%| S|CS|TAMS 0x00000000c8c00000, 0x00000000c8c00000| Complete 
| 141|0x00000000c8d00000, 0x00000000c8e00000, 0x00000000c8e00000|100%| S|CS|TAMS 0x00000000c8d00000, 0x00000000c8d00000| Complete 
| 142|0x00000000c8e00000, 0x00000000c8f00000, 0x00000000c8f00000|100%| S|CS|TAMS 0x00000000c8e00000, 0x00000000c8e00000| Complete 
| 143|0x00000000c8f00000, 0x00000000c9000000, 0x00000000c9000000|100%| S|CS|TAMS 0x00000000c8f00000, 0x00000000c8f00000| Complete 
| 144|0x00000000c9000000, 0x00000000c9100000, 0x00000000c9100000|100%| S|CS|TAMS 0x00000000c9000000, 0x00000000c9000000| Complete 
| 145|0x00000000c9100000, 0x00000000c9200000, 0x00000000c9200000|100%| S|CS|TAMS 0x00000000c9100000, 0x00000000c9100000| Complete 
| 146|0x00000000c9200000, 0x00000000c9300000, 0x00000000c9300000|100%| S|CS|TAMS 0x00000000c9200000, 0x00000000c9200000| Complete 
| 147|0x00000000c9300000, 0x00000000c9300000, 0x00000000c9400000|  0%| F|  |TAMS 0x00000000c9300000, 0x00000000c9300000| Untracked 
| 148|0x00000000c9400000, 0x00000000c9400000, 0x00000000c9500000|  0%| F|  |TAMS 0x00000000c9400000, 0x00000000c9400000| Untracked 
| 149|0x00000000c9500000, 0x00000000c9500000, 0x00000000c9600000|  0%| F|  |TAMS 0x00000000c9500000, 0x00000000c9500000| Untracked 
| 150|0x00000000c9600000, 0x00000000c9600000, 0x00000000c9700000|  0%| F|  |TAMS 0x00000000c9600000, 0x00000000c9600000| Untracked 
| 151|0x00000000c9700000, 0x00000000c9700000, 0x00000000c9800000|  0%| F|  |TAMS 0x00000000c9700000, 0x00000000c9700000| Untracked 
| 152|0x00000000c9800000, 0x00000000c9800000, 0x00000000c9900000|  0%| F|  |TAMS 0x00000000c9800000, 0x00000000c9800000| Untracked 
| 153|0x00000000c9900000, 0x00000000c9900000, 0x00000000c9a00000|  0%| F|  |TAMS 0x00000000c9900000, 0x00000000c9900000| Untracked 
| 154|0x00000000c9a00000, 0x00000000c9a00000, 0x00000000c9b00000|  0%| F|  |TAMS 0x00000000c9a00000, 0x00000000c9a00000| Untracked 
| 155|0x00000000c9b00000, 0x00000000c9b80800, 0x00000000c9c00000| 50%| E|  |TAMS 0x00000000c9b00000, 0x00000000c9b00000| Complete 
| 156|0x00000000c9c00000, 0x00000000c9d00000, 0x00000000c9d00000|100%| E|CS|TAMS 0x00000000c9c00000, 0x00000000c9c00000| Complete 
| 157|0x00000000c9d00000, 0x00000000c9e00000, 0x00000000c9e00000|100%| E|CS|TAMS 0x00000000c9d00000, 0x00000000c9d00000| Complete 
| 158|0x00000000c9e00000, 0x00000000c9f00000, 0x00000000c9f00000|100%| E|CS|TAMS 0x00000000c9e00000, 0x00000000c9e00000| Complete 
| 159|0x00000000c9f00000, 0x00000000ca000000, 0x00000000ca000000|100%| E|CS|TAMS 0x00000000c9f00000, 0x00000000c9f00000| Complete 
| 160|0x00000000ca000000, 0x00000000ca100000, 0x00000000ca100000|100%| E|CS|TAMS 0x00000000ca000000, 0x00000000ca000000| Complete 
| 161|0x00000000ca100000, 0x00000000ca200000, 0x00000000ca200000|100%| E|CS|TAMS 0x00000000ca100000, 0x00000000ca100000| Complete 
| 162|0x00000000ca200000, 0x00000000ca300000, 0x00000000ca300000|100%| E|CS|TAMS 0x00000000ca200000, 0x00000000ca200000| Complete 
| 163|0x00000000ca300000, 0x00000000ca400000, 0x00000000ca400000|100%| E|CS|TAMS 0x00000000ca300000, 0x00000000ca300000| Complete 
| 164|0x00000000ca400000, 0x00000000ca500000, 0x00000000ca500000|100%| E|CS|TAMS 0x00000000ca400000, 0x00000000ca400000| Complete 
| 165|0x00000000ca500000, 0x00000000ca600000, 0x00000000ca600000|100%| E|CS|TAMS 0x00000000ca500000, 0x00000000ca500000| Complete 
| 166|0x00000000ca600000, 0x00000000ca700000, 0x00000000ca700000|100%| E|CS|TAMS 0x00000000ca600000, 0x00000000ca600000| Complete 
| 167|0x00000000ca700000, 0x00000000ca800000, 0x00000000ca800000|100%| E|CS|TAMS 0x00000000ca700000, 0x00000000ca700000| Complete 
| 168|0x00000000ca800000, 0x00000000ca900000, 0x00000000ca900000|100%| E|CS|TAMS 0x00000000ca800000, 0x00000000ca800000| Complete 
| 169|0x00000000ca900000, 0x00000000caa00000, 0x00000000caa00000|100%| E|CS|TAMS 0x00000000ca900000, 0x00000000ca900000| Complete 
| 170|0x00000000caa00000, 0x00000000cab00000, 0x00000000cab00000|100%| E|CS|TAMS 0x00000000caa00000, 0x00000000caa00000| Complete 
| 171|0x00000000cab00000, 0x00000000cac00000, 0x00000000cac00000|100%| E|CS|TAMS 0x00000000cab00000, 0x00000000cab00000| Complete 
| 172|0x00000000cac00000, 0x00000000cad00000, 0x00000000cad00000|100%| E|CS|TAMS 0x00000000cac00000, 0x00000000cac00000| Complete 
| 173|0x00000000cad00000, 0x00000000cae00000, 0x00000000cae00000|100%| E|CS|TAMS 0x00000000cad00000, 0x00000000cad00000| Complete 
| 174|0x00000000cae00000, 0x00000000caf00000, 0x00000000caf00000|100%| E|CS|TAMS 0x00000000cae00000, 0x00000000cae00000| Complete 
| 175|0x00000000caf00000, 0x00000000cb000000, 0x00000000cb000000|100%| E|CS|TAMS 0x00000000caf00000, 0x00000000caf00000| Complete 
| 176|0x00000000cb000000, 0x00000000cb100000, 0x00000000cb100000|100%| E|  |TAMS 0x00000000cb000000, 0x00000000cb000000| Complete 
| 177|0x00000000cb100000, 0x00000000cb200000, 0x00000000cb200000|100%| E|CS|TAMS 0x00000000cb100000, 0x00000000cb100000| Complete 
| 178|0x00000000cb200000, 0x00000000cb300000, 0x00000000cb300000|100%| E|CS|TAMS 0x00000000cb200000, 0x00000000cb200000| Complete 
| 179|0x00000000cb300000, 0x00000000cb400000, 0x00000000cb400000|100%| E|CS|TAMS 0x00000000cb300000, 0x00000000cb300000| Complete 
| 180|0x00000000cb400000, 0x00000000cb500000, 0x00000000cb500000|100%| E|CS|TAMS 0x00000000cb400000, 0x00000000cb400000| Complete 
| 181|0x00000000cb500000, 0x00000000cb600000, 0x00000000cb600000|100%| E|CS|TAMS 0x00000000cb500000, 0x00000000cb500000| Complete 
| 182|0x00000000cb600000, 0x00000000cb700000, 0x00000000cb700000|100%| E|CS|TAMS 0x00000000cb600000, 0x00000000cb600000| Complete 
| 183|0x00000000cb700000, 0x00000000cb800000, 0x00000000cb800000|100%| E|CS|TAMS 0x00000000cb700000, 0x00000000cb700000| Complete 
| 184|0x00000000cb800000, 0x00000000cb900000, 0x00000000cb900000|100%| E|CS|TAMS 0x00000000cb800000, 0x00000000cb800000| Complete 
| 185|0x00000000cb900000, 0x00000000cba00000, 0x00000000cba00000|100%| E|CS|TAMS 0x00000000cb900000, 0x00000000cb900000| Complete 
| 186|0x00000000cba00000, 0x00000000cbb00000, 0x00000000cbb00000|100%| E|CS|TAMS 0x00000000cba00000, 0x00000000cba00000| Complete 
| 187|0x00000000cbb00000, 0x00000000cbc00000, 0x00000000cbc00000|100%| E|CS|TAMS 0x00000000cbb00000, 0x00000000cbb00000| Complete 
| 188|0x00000000cbc00000, 0x00000000cbd00000, 0x00000000cbd00000|100%| E|CS|TAMS 0x00000000cbc00000, 0x00000000cbc00000| Complete 
| 189|0x00000000cbd00000, 0x00000000cbe00000, 0x00000000cbe00000|100%| E|CS|TAMS 0x00000000cbd00000, 0x00000000cbd00000| Complete 
| 190|0x00000000cbe00000, 0x00000000cbf00000, 0x00000000cbf00000|100%| E|CS|TAMS 0x00000000cbe00000, 0x00000000cbe00000| Complete 
| 191|0x00000000cbf00000, 0x00000000cc000000, 0x00000000cc000000|100%| E|CS|TAMS 0x00000000cbf00000, 0x00000000cbf00000| Complete 
| 192|0x00000000cc000000, 0x00000000cc100000, 0x00000000cc100000|100%| E|CS|TAMS 0x00000000cc000000, 0x00000000cc000000| Complete 
| 193|0x00000000cc100000, 0x00000000cc200000, 0x00000000cc200000|100%| E|CS|TAMS 0x00000000cc100000, 0x00000000cc100000| Complete 
| 194|0x00000000cc200000, 0x00000000cc300000, 0x00000000cc300000|100%| E|CS|TAMS 0x00000000cc200000, 0x00000000cc200000| Complete 
| 195|0x00000000cc300000, 0x00000000cc400000, 0x00000000cc400000|100%| E|CS|TAMS 0x00000000cc300000, 0x00000000cc300000| Complete 
| 196|0x00000000cc400000, 0x00000000cc500000, 0x00000000cc500000|100%| E|CS|TAMS 0x00000000cc400000, 0x00000000cc400000| Complete 
| 197|0x00000000cc500000, 0x00000000cc600000, 0x00000000cc600000|100%| E|CS|TAMS 0x00000000cc500000, 0x00000000cc500000| Complete 
| 198|0x00000000cc600000, 0x00000000cc700000, 0x00000000cc700000|100%| E|CS|TAMS 0x00000000cc600000, 0x00000000cc600000| Complete 
| 199|0x00000000cc700000, 0x00000000cc800000, 0x00000000cc800000|100%| E|CS|TAMS 0x00000000cc700000, 0x00000000cc700000| Complete 
| 200|0x00000000cc800000, 0x00000000cc900000, 0x00000000cc900000|100%| E|CS|TAMS 0x00000000cc800000, 0x00000000cc800000| Complete 
| 201|0x00000000cc900000, 0x00000000cca00000, 0x00000000cca00000|100%| E|CS|TAMS 0x00000000cc900000, 0x00000000cc900000| Complete 
| 202|0x00000000cca00000, 0x00000000ccb00000, 0x00000000ccb00000|100%| E|CS|TAMS 0x00000000cca00000, 0x00000000cca00000| Complete 
| 203|0x00000000ccb00000, 0x00000000ccc00000, 0x00000000ccc00000|100%| E|CS|TAMS 0x00000000ccb00000, 0x00000000ccb00000| Complete 
| 204|0x00000000ccc00000, 0x00000000ccd00000, 0x00000000ccd00000|100%| E|CS|TAMS 0x00000000ccc00000, 0x00000000ccc00000| Complete 
| 205|0x00000000ccd00000, 0x00000000cce00000, 0x00000000cce00000|100%| E|CS|TAMS 0x00000000ccd00000, 0x00000000ccd00000| Complete 
| 206|0x00000000cce00000, 0x00000000ccf00000, 0x00000000ccf00000|100%| E|CS|TAMS 0x00000000cce00000, 0x00000000cce00000| Complete 
| 207|0x00000000ccf00000, 0x00000000cd000000, 0x00000000cd000000|100%| E|CS|TAMS 0x00000000ccf00000, 0x00000000ccf00000| Complete 
| 208|0x00000000cd000000, 0x00000000cd100000, 0x00000000cd100000|100%| E|CS|TAMS 0x00000000cd000000, 0x00000000cd000000| Complete 
| 209|0x00000000cd100000, 0x00000000cd200000, 0x00000000cd200000|100%| E|CS|TAMS 0x00000000cd100000, 0x00000000cd100000| Complete 
| 210|0x00000000cd200000, 0x00000000cd300000, 0x00000000cd300000|100%| E|CS|TAMS 0x00000000cd200000, 0x00000000cd200000| Complete 
| 211|0x00000000cd300000, 0x00000000cd400000, 0x00000000cd400000|100%| E|CS|TAMS 0x00000000cd300000, 0x00000000cd300000| Complete 
| 212|0x00000000cd400000, 0x00000000cd500000, 0x00000000cd500000|100%| E|CS|TAMS 0x00000000cd400000, 0x00000000cd400000| Complete 
| 213|0x00000000cd500000, 0x00000000cd600000, 0x00000000cd600000|100%| E|CS|TAMS 0x00000000cd500000, 0x00000000cd500000| Complete 
| 214|0x00000000cd600000, 0x00000000cd700000, 0x00000000cd700000|100%| E|CS|TAMS 0x00000000cd600000, 0x00000000cd600000| Complete 
| 215|0x00000000cd700000, 0x00000000cd800000, 0x00000000cd800000|100%| E|CS|TAMS 0x00000000cd700000, 0x00000000cd700000| Complete 
| 216|0x00000000cd800000, 0x00000000cd900000, 0x00000000cd900000|100%| E|CS|TAMS 0x00000000cd800000, 0x00000000cd800000| Complete 
| 217|0x00000000cd900000, 0x00000000cda00000, 0x00000000cda00000|100%| E|CS|TAMS 0x00000000cd900000, 0x00000000cd900000| Complete 
| 218|0x00000000cda00000, 0x00000000cdb00000, 0x00000000cdb00000|100%| E|CS|TAMS 0x00000000cda00000, 0x00000000cda00000| Complete 
| 219|0x00000000cdb00000, 0x00000000cdc00000, 0x00000000cdc00000|100%| E|CS|TAMS 0x00000000cdb00000, 0x00000000cdb00000| Complete 
| 220|0x00000000cdc00000, 0x00000000cdd00000, 0x00000000cdd00000|100%| E|CS|TAMS 0x00000000cdc00000, 0x00000000cdc00000| Complete 
| 221|0x00000000cdd00000, 0x00000000cde00000, 0x00000000cde00000|100%| E|CS|TAMS 0x00000000cdd00000, 0x00000000cdd00000| Complete 
| 222|0x00000000cde00000, 0x00000000cdf00000, 0x00000000cdf00000|100%| E|CS|TAMS 0x00000000cde00000, 0x00000000cde00000| Complete 
| 223|0x00000000cdf00000, 0x00000000ce000000, 0x00000000ce000000|100%| E|CS|TAMS 0x00000000cdf00000, 0x00000000cdf00000| Complete 
| 224|0x00000000ce000000, 0x00000000ce100000, 0x00000000ce100000|100%| E|CS|TAMS 0x00000000ce000000, 0x00000000ce000000| Complete 
| 225|0x00000000ce100000, 0x00000000ce200000, 0x00000000ce200000|100%| E|CS|TAMS 0x00000000ce100000, 0x00000000ce100000| Complete 
| 226|0x00000000ce200000, 0x00000000ce300000, 0x00000000ce300000|100%| E|CS|TAMS 0x00000000ce200000, 0x00000000ce200000| Complete 
| 227|0x00000000ce300000, 0x00000000ce400000, 0x00000000ce400000|100%| E|CS|TAMS 0x00000000ce300000, 0x00000000ce300000| Complete 
| 228|0x00000000ce400000, 0x00000000ce500000, 0x00000000ce500000|100%| E|CS|TAMS 0x00000000ce400000, 0x00000000ce400000| Complete 
| 229|0x00000000ce500000, 0x00000000ce600000, 0x00000000ce600000|100%| E|CS|TAMS 0x00000000ce500000, 0x00000000ce500000| Complete 
| 230|0x00000000ce600000, 0x00000000ce700000, 0x00000000ce700000|100%| E|CS|TAMS 0x00000000ce600000, 0x00000000ce600000| Complete 
| 231|0x00000000ce700000, 0x00000000ce800000, 0x00000000ce800000|100%| E|CS|TAMS 0x00000000ce700000, 0x00000000ce700000| Complete 
| 232|0x00000000ce800000, 0x00000000ce900000, 0x00000000ce900000|100%| E|CS|TAMS 0x00000000ce800000, 0x00000000ce800000| Complete 
| 233|0x00000000ce900000, 0x00000000cea00000, 0x00000000cea00000|100%| E|CS|TAMS 0x00000000ce900000, 0x00000000ce900000| Complete 
| 234|0x00000000cea00000, 0x00000000ceb00000, 0x00000000ceb00000|100%| E|CS|TAMS 0x00000000cea00000, 0x00000000cea00000| Complete 
| 235|0x00000000ceb00000, 0x00000000cec00000, 0x00000000cec00000|100%| E|CS|TAMS 0x00000000ceb00000, 0x00000000ceb00000| Complete 
| 236|0x00000000cec00000, 0x00000000ced00000, 0x00000000ced00000|100%| E|CS|TAMS 0x00000000cec00000, 0x00000000cec00000| Complete 
| 237|0x00000000ced00000, 0x00000000cee00000, 0x00000000cee00000|100%| E|CS|TAMS 0x00000000ced00000, 0x00000000ced00000| Complete 
| 238|0x00000000cee00000, 0x00000000cef00000, 0x00000000cef00000|100%| E|CS|TAMS 0x00000000cee00000, 0x00000000cee00000| Complete 
| 239|0x00000000cef00000, 0x00000000cf000000, 0x00000000cf000000|100%| E|CS|TAMS 0x00000000cef00000, 0x00000000cef00000| Complete 
| 240|0x00000000cf000000, 0x00000000cf100000, 0x00000000cf100000|100%| E|CS|TAMS 0x00000000cf000000, 0x00000000cf000000| Complete 
| 241|0x00000000cf100000, 0x00000000cf200000, 0x00000000cf200000|100%| E|CS|TAMS 0x00000000cf100000, 0x00000000cf100000| Complete 
| 242|0x00000000cf200000, 0x00000000cf300000, 0x00000000cf300000|100%| E|CS|TAMS 0x00000000cf200000, 0x00000000cf200000| Complete 
| 243|0x00000000cf300000, 0x00000000cf400000, 0x00000000cf400000|100%| E|CS|TAMS 0x00000000cf300000, 0x00000000cf300000| Complete 
| 244|0x00000000cf400000, 0x00000000cf500000, 0x00000000cf500000|100%| E|CS|TAMS 0x00000000cf400000, 0x00000000cf400000| Complete 
| 245|0x00000000cf500000, 0x00000000cf600000, 0x00000000cf600000|100%| E|CS|TAMS 0x00000000cf500000, 0x00000000cf500000| Complete 
| 246|0x00000000cf600000, 0x00000000cf700000, 0x00000000cf700000|100%| E|CS|TAMS 0x00000000cf600000, 0x00000000cf600000| Complete 
| 247|0x00000000cf700000, 0x00000000cf800000, 0x00000000cf800000|100%| E|CS|TAMS 0x00000000cf700000, 0x00000000cf700000| Complete 
| 248|0x00000000cf800000, 0x00000000cf900000, 0x00000000cf900000|100%| E|CS|TAMS 0x00000000cf800000, 0x00000000cf800000| Complete 
| 249|0x00000000cf900000, 0x00000000cfa00000, 0x00000000cfa00000|100%| E|CS|TAMS 0x00000000cf900000, 0x00000000cf900000| Complete 
| 250|0x00000000cfa00000, 0x00000000cfb00000, 0x00000000cfb00000|100%| E|CS|TAMS 0x00000000cfa00000, 0x00000000cfa00000| Complete 
| 251|0x00000000cfb00000, 0x00000000cfc00000, 0x00000000cfc00000|100%| E|CS|TAMS 0x00000000cfb00000, 0x00000000cfb00000| Complete 
| 252|0x00000000cfc00000, 0x00000000cfd00000, 0x00000000cfd00000|100%| E|CS|TAMS 0x00000000cfc00000, 0x00000000cfc00000| Complete 
| 253|0x00000000cfd00000, 0x00000000cfe00000, 0x00000000cfe00000|100%| E|CS|TAMS 0x00000000cfd00000, 0x00000000cfd00000| Complete 
| 254|0x00000000cfe00000, 0x00000000cff00000, 0x00000000cff00000|100%| E|CS|TAMS 0x00000000cfe00000, 0x00000000cfe00000| Complete 
| 255|0x00000000cff00000, 0x00000000d0000000, 0x00000000d0000000|100%| E|CS|TAMS 0x00000000cff00000, 0x00000000cff00000| Complete 

Card table byte_map: [0x000002002f5b0000,0x000002002f7b0000] _byte_map_base: 0x000002002efb0000

Marking Bits (Prev, Next): (CMBitMap*) 0x000002001c719ac8, (CMBitMap*) 0x000002001c719b00
 Prev Bits: [0x000002002f9b0000, 0x00000200309b0000)
 Next Bits: [0x00000200309b0000, 0x00000200319b0000)

Polling page: 0x000002001a5f0000

Metaspace:

Usage:
  Non-class:     45.30 MB capacity,    44.29 MB ( 98%) used,   917.20 KB (  2%) free+waste,   112.56 KB ( <1%) overhead. 
      Class:      6.83 MB capacity,     6.39 MB ( 94%) used,   393.14 KB (  6%) free+waste,    53.94 KB ( <1%) overhead. 
       Both:     52.13 MB capacity,    50.69 MB ( 97%) used,     1.28 MB (  2%) free+waste,   166.50 KB ( <1%) overhead. 

Virtual space:
  Non-class space:       46.00 MB reserved,      45.37 MB ( 99%) committed 
      Class space:        1.00 GB reserved,       6.88 MB ( <1%) committed 
             Both:        1.04 GB reserved,      52.25 MB (  5%) committed 

Chunk freelists:
   Non-Class:  9.00 KB
       Class:  14.00 KB
        Both:  23.00 KB

MaxMetaspaceSize: 17179869184.00 GB
CompressedClassSpaceSize: 1.00 GB

CodeHeap 'non-profiled nmethods': size=120000Kb used=2159Kb max_used=2159Kb free=117840Kb
 bounds [0x0000020027b40000, 0x0000020027db0000, 0x000002002f070000]
CodeHeap 'profiled nmethods': size=120000Kb used=10137Kb max_used=10137Kb free=109862Kb
 bounds [0x0000020020610000, 0x0000020021000000, 0x0000020027b40000]
CodeHeap 'non-nmethods': size=5760Kb used=2234Kb max_used=2274Kb free=3525Kb
 bounds [0x0000020020070000, 0x00000200202e0000, 0x0000020020610000]
 total_blobs=5683 nmethods=4881 adapters=712
 compilation: enabled
              stopped_count=0, restarted_count=0
 full_count=0

Compilation events (20 events):
Event: 9.234 Thread 0x0000020034ca3000 5146       3       jdk.internal.loader.URLClassPath::findResource (38 bytes)
Event: 9.235 Thread 0x0000020034ca3000 nmethod 5146 0x0000020020fee210 code [0x0000020020fee3e0, 0x0000020020fee6f8]
Event: 9.239 Thread 0x0000020034ca3000 5147       1       org.gradle.api.internal.collections.AbstractIterationOrderRetainingElementSource$Element::isRealized (5 bytes)
Event: 9.239 Thread 0x0000020034ca3000 nmethod 5147 0x0000020027d5b210 code [0x0000020027d5b3c0, 0x0000020027d5b478]
Event: 9.259 Thread 0x0000020034ca3000 5148       3       com.google.common.collect.MapMakerInternalMap$WeakValueReferenceImpl::<init> (12 bytes)
Event: 9.260 Thread 0x0000020034ca3000 nmethod 5148 0x0000020020fee810 code [0x0000020020fee9e0, 0x0000020020feed78]
Event: 9.260 Thread 0x0000020034ca3000 5149   !   3       com.google.common.collect.MapMakerInternalMap$Segment::runLockedCleanup (34 bytes)
Event: 9.261 Thread 0x0000020034ca3000 nmethod 5149 0x0000020020feee90 code [0x0000020020fef0a0, 0x0000020020fef678]
Event: 9.304 Thread 0x0000020034ca3000 5150       3       com.google.common.collect.MapMakerInternalMap$StrongKeyWeakValueEntry$Helper::newEntry (16 bytes)
Event: 9.305 Thread 0x0000020034ca3000 nmethod 5150 0x0000020020fef890 code [0x0000020020fefa80, 0x0000020020ff00b8]
Event: 9.305 Thread 0x0000020034ca3000 5151       3       com.google.common.collect.MapMakerInternalMap$StrongKeyWeakValueEntry$Helper::newEntry (12 bytes)
Event: 9.306 Thread 0x0000020034ca3000 nmethod 5151 0x0000020020ff0290 code [0x0000020020ff0460, 0x0000020020ff0858]
Event: 9.306 Thread 0x0000020034ca3000 5152       3       com.google.common.collect.MapMakerInternalMap$StrongKeyWeakValueEntry$Helper::setValue (14 bytes)
Event: 9.306 Thread 0x0000020034ca3000 nmethod 5152 0x0000020020ff0a10 code [0x0000020020ff0c20, 0x0000020020ff12d8]
Event: 9.306 Thread 0x0000020034ca3000 5153       3       com.google.common.collect.MapMakerInternalMap$StrongKeyWeakValueEntry$Helper::setValue (10 bytes)
Event: 9.307 Thread 0x0000020034ca3000 nmethod 5153 0x0000020020ff1590 code [0x0000020020ff1780, 0x0000020020ff1c18]
Event: 9.307 Thread 0x0000020034ca3000 5154       3       com.google.common.collect.MapMakerInternalMap$StrongKeyWeakValueEntry::setValue (26 bytes)
Event: 9.308 Thread 0x0000020034ca3000 nmethod 5154 0x0000020020ff1e90 code [0x0000020020ff2080, 0x0000020020ff25e8]
Event: 9.336 Thread 0x0000020034ca3000 5155       3       java.security.ProtectionDomain$Key::<init> (10 bytes)
Event: 9.336 Thread 0x0000020034ca3000 nmethod 5155 0x0000020020ff2790 code [0x0000020020ff2940, 0x0000020020ff2af8]

GC Heap History (12 events):
Event: 1.159 GC heap before
{Heap before GC invocations=0 (full 0):
 garbage-first heap   total 262144K, used 29696K [0x00000000c0000000, 0x0000000100000000)
  region size 1024K, 24 young (24576K), 0 survivors (0K)
 Metaspace       used 10676K, capacity 10938K, committed 11264K, reserved 1058816K
  class space    used 1130K, capacity 1202K, committed 1280K, reserved 1048576K
}
Event: 1.162 GC heap after
{Heap after GC invocations=1 (full 0):
 garbage-first heap   total 262144K, used 8685K [0x00000000c0000000, 0x0000000100000000)
  region size 1024K, 3 young (3072K), 3 survivors (3072K)
 Metaspace       used 10676K, capacity 10938K, committed 11264K, reserved 1058816K
  class space    used 1130K, capacity 1202K, committed 1280K, reserved 1048576K
}
Event: 3.291 GC heap before
{Heap before GC invocations=1 (full 0):
 garbage-first heap   total 262144K, used 92653K [0x00000000c0000000, 0x0000000100000000)
  region size 1024K, 87 young (89088K), 3 survivors (3072K)
 Metaspace       used 20603K, capacity 21123K, committed 21296K, reserved 1069056K
  class space    used 2519K, capacity 2688K, committed 2688K, reserved 1048576K
}
Event: 3.307 GC heap after
{Heap after GC invocations=2 (full 0):
 garbage-first heap   total 262144K, used 15779K [0x00000000c0000000, 0x0000000100000000)
  region size 1024K, 10 young (10240K), 10 survivors (10240K)
 Metaspace       used 20603K, capacity 21123K, committed 21296K, reserved 1069056K
  class space    used 2519K, capacity 2688K, committed 2688K, reserved 1048576K
}
Event: 3.572 GC heap before
{Heap before GC invocations=3 (full 0):
 garbage-first heap   total 262144K, used 31139K [0x00000000c0000000, 0x0000000100000000)
  region size 1024K, 25 young (25600K), 10 survivors (10240K)
 Metaspace       used 21957K, capacity 22526K, committed 22704K, reserved 1069056K
  class space    used 2784K, capacity 2988K, committed 3072K, reserved 1048576K
}
Event: 3.584 GC heap after
{Heap after GC invocations=4 (full 0):
 garbage-first heap   total 262144K, used 16579K [0x00000000c0000000, 0x0000000100000000)
  region size 1024K, 1 young (1024K), 1 survivors (1024K)
 Metaspace       used 21957K, capacity 22526K, committed 22704K, reserved 1069056K
  class space    used 2784K, capacity 2988K, committed 3072K, reserved 1048576K
}
Event: 4.501 GC heap before
{Heap before GC invocations=4 (full 0):
 garbage-first heap   total 262144K, used 90307K [0x00000000c0000000, 0x0000000100000000)
  region size 1024K, 65 young (66560K), 1 survivors (1024K)
 Metaspace       used 28590K, capacity 29382K, committed 29616K, reserved 1075200K
  class space    used 3792K, capacity 4082K, committed 4096K, reserved 1048576K
}
Event: 4.504 GC heap after
{Heap after GC invocations=5 (full 0):
 garbage-first heap   total 262144K, used 30401K [0x00000000c0000000, 0x0000000100000000)
  region size 1024K, 6 young (6144K), 6 survivors (6144K)
 Metaspace       used 28590K, capacity 29382K, committed 29616K, reserved 1075200K
  class space    used 3792K, capacity 4082K, committed 4096K, reserved 1048576K
}
Event: 5.166 GC heap before
{Heap before GC invocations=5 (full 0):
 garbage-first heap   total 262144K, used 56001K [0x00000000c0000000, 0x0000000100000000)
  region size 1024K, 33 young (33792K), 6 survivors (6144K)
 Metaspace       used 34792K, capacity 35619K, committed 35708K, reserved 1081344K
  class space    used 4533K, capacity 4842K, committed 4864K, reserved 1048576K
}
Event: 5.179 GC heap after
{Heap after GC invocations=6 (full 0):
 garbage-first heap   total 262144K, used 32743K [0x00000000c0000000, 0x0000000100000000)
  region size 1024K, 8 young (8192K), 8 survivors (8192K)
 Metaspace       used 34792K, capacity 35619K, committed 35708K, reserved 1081344K
  class space    used 4533K, capacity 4842K, committed 4864K, reserved 1048576K
}
Event: 7.181 GC heap before
{Heap before GC invocations=7 (full 0):
 garbage-first heap   total 262144K, used 146407K [0x00000000c0000000, 0x0000000100000000)
  region size 1024K, 109 young (111616K), 8 survivors (8192K)
 Metaspace       used 46192K, capacity 47273K, committed 47484K, reserved 1091584K
  class space    used 5783K, capacity 6135K, committed 6144K, reserved 1048576K
}
Event: 7.192 GC heap after
{Heap after GC invocations=8 (full 0):
 garbage-first heap   total 262144K, used 48169K [0x00000000c0000000, 0x0000000100000000)
  region size 1024K, 14 young (14336K), 14 survivors (14336K)
 Metaspace       used 46192K, capacity 47273K, committed 47484K, reserved 1091584K
  class space    used 5783K, capacity 6135K, committed 6144K, reserved 1048576K
}

Deoptimization events (20 events):
Event: 8.715 Thread 0x000002003b1d8000 Uncommon trap: trap_request=0xffffffbe fr.pc=0x0000020027ce0b30 relative=0x0000000000000250
Event: 8.715 Thread 0x000002003b1d8000 Uncommon trap: reason=profile_predicate action=maybe_recompile pc=0x0000020027ce0b30 method=java.util.regex.Pattern$BnM.optimize(Ljava/util/regex/Pattern$Node;)Ljava/util/regex/Pattern$Node; @ 67 c2
Event: 8.715 Thread 0x000002003b1d8000 DEOPT PACKING pc=0x0000020027ce0b30 sp=0x000000fa1dffde10
Event: 8.715 Thread 0x000002003b1d8000 DEOPT UNPACKING pc=0x000002002007822f sp=0x000000fa1dffddb0 mode 2
Event: 9.048 Thread 0x0000020036b50000 Uncommon trap: trap_request=0xffffff4d fr.pc=0x0000020027c53b7c relative=0x00000000000001bc
Event: 9.048 Thread 0x0000020036b50000 Uncommon trap: reason=unstable_if action=reinterpret pc=0x0000020027c53b7c method=java.util.HashMap.getNode(ILjava/lang/Object;)Ljava/util/HashMap$Node; @ 53 c2
Event: 9.048 Thread 0x0000020036b50000 DEOPT PACKING pc=0x0000020027c53b7c sp=0x000000fa165f8e30
Event: 9.048 Thread 0x0000020036b50000 DEOPT UNPACKING pc=0x000002002007822f sp=0x000000fa165f8da0 mode 2
Event: 9.102 Thread 0x0000020036b50000 DEOPT PACKING pc=0x0000020020e1a9f1 sp=0x000000fa165f86f0
Event: 9.102 Thread 0x0000020036b50000 DEOPT UNPACKING pc=0x0000020020098ade sp=0x000000fa165f7be8 mode 0
Event: 9.188 Thread 0x0000020036b50000 Uncommon trap: trap_request=0xffffffc6 fr.pc=0x0000020027c2c120 relative=0x0000000000000240
Event: 9.188 Thread 0x0000020036b50000 Uncommon trap: reason=bimorphic_or_optimized_type_check action=maybe_recompile pc=0x0000020027c2c120 method=com.google.common.base.CharMatcher.indexIn(Ljava/lang/CharSequence;I)I @ 31 c2
Event: 9.188 Thread 0x0000020036b50000 DEOPT PACKING pc=0x0000020027c2c120 sp=0x000000fa165f8370
Event: 9.188 Thread 0x0000020036b50000 DEOPT UNPACKING pc=0x000002002007822f sp=0x000000fa165f8318 mode 2
Event: 9.191 Thread 0x0000020036b50000 Uncommon trap: trap_request=0xffffffc6 fr.pc=0x0000020027c2c120 relative=0x0000000000000240
Event: 9.191 Thread 0x0000020036b50000 Uncommon trap: reason=bimorphic_or_optimized_type_check action=maybe_recompile pc=0x0000020027c2c120 method=com.google.common.base.CharMatcher.indexIn(Ljava/lang/CharSequence;I)I @ 31 c2
Event: 9.191 Thread 0x0000020036b50000 DEOPT PACKING pc=0x0000020027c2c120 sp=0x000000fa165f9c40
Event: 9.191 Thread 0x0000020036b50000 DEOPT UNPACKING pc=0x000002002007822f sp=0x000000fa165f9be8 mode 2
Event: 9.291 Thread 0x0000020036b50000 DEOPT PACKING pc=0x0000020020b0e711 sp=0x000000fa165f89f0
Event: 9.291 Thread 0x0000020036b50000 DEOPT UNPACKING pc=0x0000020020098ade sp=0x000000fa165f7ed0 mode 0

Classes redefined (0 events):
No events

Internal exceptions (20 events):
Event: 8.943 Thread 0x0000020036b50000 Exception <a 'java/security/PrivilegedActionException'{0x00000000cafd53a0}> (0x00000000cafd53a0) thrown at [./src/hotspot/share/prims/jvm.cpp, line 1297]
Event: 8.944 Thread 0x0000020036b50000 Exception <a 'java/security/PrivilegedActionException'{0x00000000cafd8328}> (0x00000000cafd8328) thrown at [./src/hotspot/share/prims/jvm.cpp, line 1297]
Event: 8.944 Thread 0x0000020036b50000 Exception <a 'java/security/PrivilegedActionException'{0x00000000cafd95e8}> (0x00000000cafd95e8) thrown at [./src/hotspot/share/prims/jvm.cpp, line 1297]
Event: 9.004 Thread 0x0000020036b50000 Exception <a 'java/lang/ClassNotFoundException'{0x00000000caee5da8}: org/gradle/api/tasks/Delete_DecoratedBeanInfo> (0x00000000caee5da8) thrown at [./src/hotspot/share/classfile/systemDictionary.cpp, line 231]
Event: 9.005 Thread 0x0000020036b50000 Exception <a 'java/lang/ClassNotFoundException'{0x00000000cad08ea0}: org/gradle/api/tasks/DeleteBeanInfo> (0x00000000cad08ea0) thrown at [./src/hotspot/share/classfile/systemDictionary.cpp, line 231]
Event: 9.006 Thread 0x0000020036b50000 Exception <a 'java/lang/ClassNotFoundException'{0x00000000cad2ddc0}: org/gradle/api/internal/ConventionTaskBeanInfo> (0x00000000cad2ddc0) thrown at [./src/hotspot/share/classfile/systemDictionary.cpp, line 231]
Event: 9.007 Thread 0x0000020036b50000 Exception <a 'java/lang/ClassNotFoundException'{0x00000000cad50560}: org/gradle/api/DefaultTaskBeanInfo> (0x00000000cad50560) thrown at [./src/hotspot/share/classfile/systemDictionary.cpp, line 231]
Event: 9.008 Thread 0x0000020036b50000 Exception <a 'java/lang/ClassNotFoundException'{0x00000000cad761f0}: org/gradle/api/internal/AbstractTaskBeanInfo> (0x00000000cad761f0) thrown at [./src/hotspot/share/classfile/systemDictionary.cpp, line 231]
Event: 9.009 Thread 0x0000020036b50000 Exception <a 'java/lang/ClassNotFoundException'{0x00000000cad9bdf0}: org/gradle/api/internal/AbstractTaskCustomizer> (0x00000000cad9bdf0) thrown at [./src/hotspot/share/classfile/systemDictionary.cpp, line 231]
Event: 9.018 Thread 0x0000020036b50000 Exception <a 'java/lang/ClassNotFoundException'{0x00000000cac01158}: org/gradle/api/DefaultTaskCustomizer> (0x00000000cac01158) thrown at [./src/hotspot/share/classfile/systemDictionary.cpp, line 231]
Event: 9.026 Thread 0x0000020036b50000 Exception <a 'java/lang/ClassNotFoundException'{0x00000000cac7b0d0}: org/gradle/api/internal/ConventionTaskCustomizer> (0x00000000cac7b0d0) thrown at [./src/hotspot/share/classfile/systemDictionary.cpp, line 231]
Event: 9.028 Thread 0x0000020036b50000 Exception <a 'java/lang/ClassNotFoundException'{0x00000000cacacc68}: org/gradle/api/tasks/DeleteCustomizer> (0x00000000cacacc68) thrown at [./src/hotspot/share/classfile/systemDictionary.cpp, line 231]
Event: 9.030 Thread 0x0000020036b50000 Exception <a 'java/lang/ClassNotFoundException'{0x00000000cace4cc8}: org/gradle/api/tasks/Delete_DecoratedCustomizer> (0x00000000cace4cc8) thrown at [./src/hotspot/share/classfile/systemDictionary.cpp, line 231]
Event: 9.169 Thread 0x000002003b1d8000 Exception <a 'sun/nio/fs/WindowsException'{0x00000000ca859bb0}> (0x00000000ca859bb0) thrown at [./src/hotspot/share/prims/jni.cpp, line 615]
Event: 9.170 Thread 0x000002003b1d8000 Exception <a 'sun/nio/fs/WindowsException'{0x00000000ca859d30}> (0x00000000ca859d30) thrown at [./src/hotspot/share/prims/jni.cpp, line 615]
Event: 9.176 Thread 0x0000020036b50000 Exception <a 'java/lang/ClassNotFoundException'{0x00000000ca9fd9d8}: build_43p3tzf8amndfkkbq7gsvncrcBeanInfo> (0x00000000ca9fd9d8) thrown at [./src/hotspot/share/classfile/systemDictionary.cpp, line 231]
Event: 9.177 Thread 0x0000020036b50000 Exception <a 'java/lang/ClassNotFoundException'{0x00000000ca866d90}: build_43p3tzf8amndfkkbq7gsvncrcCustomizer> (0x00000000ca866d90) thrown at [./src/hotspot/share/classfile/systemDictionary.cpp, line 231]
Event: 9.186 Thread 0x0000020036b50000 Exception <a 'java/lang/ClassNotFoundException'{0x00000000ca8da638}: org/gradle/plugin/use/internal/PluginRequestCollector$PluginDependenciesSpecImplBeanInfo> (0x00000000ca8da638) thrown at [./src/hotspot/share/classfile/systemDictionary.cpp, line 231]
Event: 9.186 Thread 0x0000020036b50000 Exception <a 'java/lang/ClassNotFoundException'{0x00000000ca700af8}: org/gradle/plugin/use/internal/PluginRequestCollector$PluginDependenciesSpecImplCustomizer> (0x00000000ca700af8) thrown at [./src/hotspot/share/classfile/systemDictionary.cpp, line 231]
Event: 9.196 Thread 0x0000020036b50000 Exception <a 'java/lang/NoSuchMethodError'{0x00000000ca7746e0}: 'void java.lang.invoke.DirectMethodHandle$Holder.invokeInterface(java.lang.Object, java.lang.Object)'> (0x00000000ca7746e0) thrown at [./src/hotspot/share/interpreter/linkResolver.cpp, line 773]

Events (20 events):
Event: 9.377 loading class com/android/build/api/variant/ApplicationVariant
Event: 9.377 loading class com/android/build/api/variant/ApplicationVariant done
Event: 9.377 loading class com/android/build/api/variant/Variant
Event: 9.377 loading class com/android/build/api/variant/Variant done
Event: 9.378 loading class com/android/build/api/component/Component
Event: 9.378 loading class com/android/build/api/component/Component done
Event: 9.378 loading class com/android/build/gradle/internal/component/ApplicationCreationConfig
Event: 9.378 loading class com/android/build/gradle/internal/component/ApplicationCreationConfig done
Event: 9.379 loading class com/android/build/gradle/internal/component/ApkCreationConfig
Event: 9.379 loading class com/android/build/gradle/internal/component/ApkCreationConfig done
Event: 9.379 loading class com/android/build/gradle/internal/component/ConsumableCreationConfig
Event: 9.379 loading class com/android/build/gradle/internal/component/ConsumableCreationConfig done
Event: 9.380 loading class com/android/build/gradle/internal/component/VariantCreationConfig
Event: 9.380 loading class com/android/build/gradle/internal/component/VariantCreationConfig done
Event: 9.380 loading class com/android/build/gradle/internal/component/ComponentCreationConfig
Event: 9.380 loading class com/android/build/gradle/internal/component/ComponentCreationConfig done
Event: 9.381 loading class com/android/build/api/variant/impl/VariantImpl
Event: 9.381 loading class com/android/build/api/variant/impl/VariantImpl done
Event: 9.382 loading class com/android/build/api/component/impl/ComponentImpl
Event: 9.382 loading class com/android/build/api/component/impl/ComponentImpl done


Dynamic libraries:
0x00007ff67de50000 - 0x00007ff67de5a000 	C:\Program Files\Android\Android Studio\jre\bin\java.exe
0x00007ffe56050000 - 0x00007ffe56245000 	C:\windows\SYSTEM32\ntdll.dll
0x00007ffe54ef0000 - 0x00007ffe54fad000 	C:\windows\System32\KERNEL32.DLL
0x00007ffe539f0000 - 0x00007ffe53cb9000 	C:\windows\System32\KERNELBASE.dll
0x00007ffe53840000 - 0x00007ffe53940000 	C:\windows\System32\ucrtbase.dll
0x00007ffe2f870000 - 0x00007ffe2f889000 	C:\Program Files\Android\Android Studio\jre\bin\jli.dll
0x00007ffe2ab60000 - 0x00007ffe2ab77000 	C:\Program Files\Android\Android Studio\jre\bin\VCRUNTIME140.dll
0x00007ffe541f0000 - 0x00007ffe54390000 	C:\windows\System32\USER32.dll
0x00007ffe38c80000 - 0x00007ffe38f1a000 	C:\windows\WinSxS\amd64_microsoft.windows.common-controls_6595b64144ccf1df_6.0.19041.1110_none_60b5254171f9507e\COMCTL32.dll
0x00007ffe53cc0000 - 0x00007ffe53ce2000 	C:\windows\System32\win32u.dll
0x00007ffe54990000 - 0x00007ffe54a2e000 	C:\windows\System32\msvcrt.dll
0x00007ffe54a30000 - 0x00007ffe54a5a000 	C:\windows\System32\GDI32.dll
0x00007ffe53fb0000 - 0x00007ffe540bb000 	C:\windows\System32\gdi32full.dll
0x00007ffe53d80000 - 0x00007ffe53e1d000 	C:\windows\System32\msvcp_win.dll
0x00007ffe54470000 - 0x00007ffe544a0000 	C:\windows\System32\IMM32.DLL
0x00007ffe16ae0000 - 0x00007ffe16b7d000 	C:\Program Files\Android\Android Studio\jre\bin\msvcp140.dll
0x00007ffe06730000 - 0x00007ffe071ec000 	C:\Program Files\Android\Android Studio\jre\bin\server\jvm.dll
0x00007ffe55140000 - 0x00007ffe551ec000 	C:\windows\System32\ADVAPI32.dll
0x00007ffe54dd0000 - 0x00007ffe54e6b000 	C:\windows\System32\sechost.dll
0x00007ffe55310000 - 0x00007ffe5543a000 	C:\windows\System32\RPCRT4.dll
0x00007ffe54e70000 - 0x00007ffe54e78000 	C:\windows\System32\PSAPI.DLL
0x00007ffe44ca0000 - 0x00007ffe44caa000 	C:\windows\SYSTEM32\VERSION.dll
0x00007ffe29860000 - 0x00007ffe29887000 	C:\windows\SYSTEM32\WINMM.dll
0x00007ffe4eff0000 - 0x00007ffe4eff9000 	C:\windows\SYSTEM32\WSOCK32.dll
0x00007ffe54e80000 - 0x00007ffe54eeb000 	C:\windows\System32\WS2_32.dll
0x00007ffe51730000 - 0x00007ffe51742000 	C:\windows\SYSTEM32\kernel.appcore.dll
0x00007ffe475e0000 - 0x00007ffe475f1000 	C:\Program Files\Android\Android Studio\jre\bin\verify.dll
0x00007ffe51020000 - 0x00007ffe51204000 	C:\windows\SYSTEM32\DBGHELP.DLL
0x00007ffe2f840000 - 0x00007ffe2f86c000 	C:\windows\SYSTEM32\dbgcore.DLL
0x00007ffe53cf0000 - 0x00007ffe53d73000 	C:\windows\System32\bcryptPrimitives.dll
0x00007ffe3b580000 - 0x00007ffe3b5a9000 	C:\Program Files\Android\Android Studio\jre\bin\java.dll
0x00007ffe4e900000 - 0x00007ffe4e90b000 	C:\Program Files\Android\Android Studio\jre\bin\jimage.dll
0x00007ffe3b550000 - 0x00007ffe3b568000 	C:\Program Files\Android\Android Studio\jre\bin\zip.dll
0x00007ffe55570000 - 0x00007ffe55caf000 	C:\windows\System32\SHELL32.dll
0x00007ffe518c0000 - 0x00007ffe52051000 	C:\windows\SYSTEM32\windows.storage.dll
0x00007ffe55cb0000 - 0x00007ffe56005000 	C:\windows\System32\combase.dll
0x00007ffe53200000 - 0x00007ffe5322c000 	C:\windows\SYSTEM32\Wldp.dll
0x00007ffe55260000 - 0x00007ffe5530e000 	C:\windows\System32\SHCORE.dll
0x00007ffe55200000 - 0x00007ffe55255000 	C:\windows\System32\shlwapi.dll
0x00007ffe536d0000 - 0x00007ffe536ef000 	C:\windows\SYSTEM32\profapi.dll
0x00007ffe3af90000 - 0x00007ffe3afaa000 	C:\Program Files\Android\Android Studio\jre\bin\net.dll
0x00007ffe4deb0000 - 0x00007ffe4dfba000 	C:\windows\SYSTEM32\WINHTTP.dll
0x00007ffe52f60000 - 0x00007ffe52fca000 	C:\windows\system32\mswsock.dll
0x00007ffe3ad50000 - 0x00007ffe3ad64000 	C:\Program Files\Android\Android Studio\jre\bin\nio.dll
0x00007ffe280f0000 - 0x00007ffe28117000 	C:\Users\SHIVAM\.gradle\native\fdc75f09e3144964f2cf3f50f0aa648679c211496f362492102eb8c894070792\windows-amd64\native-platform.dll
0x00007ffe111e0000 - 0x00007ffe11376000 	C:\Users\SHIVAM\.gradle\native\12488b8bf47d2d4c9fbf2f6322a914ad602e24e48041cd04a747c6da556b65c4\windows-amd64\native-platform-file-events.dll
0x00007ffe491c0000 - 0x00007ffe491ca000 	C:\Program Files\Android\Android Studio\jre\bin\management.dll
0x00007ffe475d0000 - 0x00007ffe475dc000 	C:\Program Files\Android\Android Studio\jre\bin\management_ext.dll
0x00007ffe53150000 - 0x00007ffe53168000 	C:\windows\SYSTEM32\CRYPTSP.dll
0x00007ffe52890000 - 0x00007ffe528c4000 	C:\windows\system32\rsaenh.dll
0x00007ffe53f80000 - 0x00007ffe53fa7000 	C:\windows\System32\bcrypt.dll
0x00007ffe53650000 - 0x00007ffe5367e000 	C:\windows\SYSTEM32\USERENV.dll
0x00007ffe53140000 - 0x00007ffe5314c000 	C:\windows\SYSTEM32\CRYPTBASE.dll
0x00007ffe52c00000 - 0x00007ffe52c3b000 	C:\windows\SYSTEM32\IPHLPAPI.DLL
0x00007ffe551f0000 - 0x00007ffe551f8000 	C:\windows\System32\NSI.dll
0x00007ffe48960000 - 0x00007ffe48977000 	C:\windows\SYSTEM32\dhcpcsvc6.DLL
0x00007ffe48940000 - 0x00007ffe4895d000 	C:\windows\SYSTEM32\dhcpcsvc.DLL
0x00007ffe52c40000 - 0x00007ffe52d0c000 	C:\windows\SYSTEM32\DNSAPI.dll
0x00007ffe4dfc0000 - 0x00007ffe4dfcb000 	C:\windows\SYSTEM32\WINNSI.DLL

dbghelp: loaded successfully - version: 4.0.5 - missing functions: none
symbol engine: initialized successfully - sym options: 0x614 - pdb path: .;C:\Program Files\Android\Android Studio\jre\bin;C:\windows\SYSTEM32;C:\windows\WinSxS\amd64_microsoft.windows.common-controls_6595b64144ccf1df_6.0.19041.1110_none_60b5254171f9507e;C:\Program Files\Android\Android Studio\jre\bin\server;C:\Users\SHIVAM\.gradle\native\fdc75f09e3144964f2cf3f50f0aa648679c211496f362492102eb8c894070792\windows-amd64;C:\Users\SHIVAM\.gradle\native\12488b8bf47d2d4c9fbf2f6322a914ad602e24e48041cd04a747c6da556b65c4\windows-amd64

VM Arguments:
jvm_args: --add-opens=java.base/java.util=ALL-UNNAMED --add-opens=java.base/java.lang=ALL-UNNAMED --add-opens=java.base/java.lang.invoke=ALL-UNNAMED --add-opens=java.prefs/java.util.prefs=ALL-UNNAMED -Xms256m -Xmx1024m -Dfile.encoding=windows-1252 -Duser.country=IN -Duser.language=en -Duser.variant 
java_command: org.gradle.launcher.daemon.bootstrap.GradleDaemon 6.7.1
java_class_path (initial): C:\Users\SHIVAM\.gradle\wrapper\dists\gradle-6.7.1-bin\bwlcbys1h7rz3272sye1xwiv6\gradle-6.7.1\lib\gradle-launcher-6.7.1.jar
Launcher Type: SUN_STANDARD

[Global flags]
     intx CICompilerCount                          = 4                                         {product} {ergonomic}
     uint ConcGCThreads                            = 2                                         {product} {ergonomic}
     uint G1ConcRefinementThreads                  = 8                                         {product} {ergonomic}
   size_t G1HeapRegionSize                         = 1048576                                   {product} {ergonomic}
    uintx GCDrainStackTargetSize                   = 64                                        {product} {ergonomic}
   size_t InitialHeapSize                          = 268435456                                 {product} {command line}
   size_t MarkStackSize                            = 4194304                                   {product} {ergonomic}
   size_t MaxHeapSize                              = 1073741824                                {product} {command line}
   size_t MaxNewSize                               = 643825664                                 {product} {ergonomic}
   size_t MinHeapDeltaBytes                        = 1048576                                   {product} {ergonomic}
    uintx NonNMethodCodeHeapSize                   = 5836300                                {pd product} {ergonomic}
    uintx NonProfiledCodeHeapSize                  = 122910970                              {pd product} {ergonomic}
    uintx ProfiledCodeHeapSize                     = 122910970                              {pd product} {ergonomic}
    uintx ReservedCodeCacheSize                    = 251658240                              {pd product} {ergonomic}
     bool SegmentedCodeCache                       = true                                      {product} {ergonomic}
     bool UseCompressedClassPointers               = true                                 {lp64_product} {ergonomic}
     bool UseCompressedOops                        = true                                 {lp64_product} {ergonomic}
     bool UseG1GC                                  = true                                      {product} {ergonomic}
     bool UseLargePagesIndividualAllocation        = false                                  {pd product} {ergonomic}

Logging:
Log output configuration:
 #0: stdout all=warning uptime,level,tags
 #1: stderr all=off uptime,level,tags

Environment Variables:
PATH=C:\Program Files\Common Files\Oracle\Java\javapath;C:\Program Files (x86)\Common Files\Intel\Shared Libraries\redist\intel64\compiler;C:\windows\system32;C:\windows;C:\windows\System32\Wbem;C:\windows\System32\WindowsPowerShell\v1.0\;C:\windows\System32\OpenSSH\;C:\Program Files\Git\cmd;C:\Users\SHIVAM\AppData\Local\Microsoft\WindowsApps;;D:\Microsoft VS Code\bin
USERNAME=SHIVAM
OS=Windows_NT
PROCESSOR_IDENTIFIER=Intel64 Family 6 Model 140 Stepping 1, GenuineIntel



---------------  S Y S T E M  ---------------

OS: Windows 10 , 64 bit Build 19041 (10.0.19041.1023)
OS uptime: 14 days 6:57 hours

CPU:total 8 (initial active 8) (4 cores per cpu, 2 threads per core) family 6 model 140 stepping 1, cmov, cx8, fxsr, mmx, sse, sse2, sse3, ssse3, sse4.1, sse4.2, popcnt, avx, avx2, aes, clmul, erms, 3dnowpref, lzcnt, ht, tsc, tscinvbit, bmi1, bmi2, adx, evex, sha, fma

Memory: 4k page, system-wide physical 7831M (30M free)
TotalPageFile size 31383M (AvailPageFile size 4M)
current process WorkingSet (physical memory assigned to process): 333M, peak: 333M
current process commit charge ("private bytes"): 470M, peak: 472M

vm_info: OpenJDK 64-Bit Server VM (11.0.8+10-b944.6842174) for windows-amd64 JRE (11.0.8+10-b944.6842174), built on Sep 19 2020 01:11:42 by "builder" with MS VC++ 14.0 (VS2015)

END.
